2024-07-14 10:58:01,053,INFO:Opens: Chrome browser:
2024-07-14 10:58:01,124,INFO:INVALID LOGIN TESTING BEGAN...:
2024-07-14 10:58:02,815,INFO:EMAIL ADDRESS WAS INSERTED.:
2024-07-14 10:58:02,937,INFO:PASSWORD WAS INSERTED.:
2024-07-14 10:58:03,274,INFO:LOGIN BUTTON WAS CLICKED..:
2024-07-14 10:58:03,830,INFO:INVALID LOGIN DETAILS WERE INSERTED.:
2024-07-14 10:58:04,158,INFO:--------------------------------------------------------------:
2024-07-14 11:10:13,080,INFO:Opens: Chrome browser:
2024-07-14 11:10:13,150,INFO:ERETZ MUSEUM URL MATCH TESTING BEGAN...:
2024-07-14 11:10:13,246,INFO:EXPLORE BUTTON WAS CLICKED.:
2024-07-14 11:10:17,160,INFO:ASTRONOMY PLACES BUTTON WAS CLICKED.:
2024-07-14 11:10:17,629,INFO:LOAD PLACES BUTTON WAS CLICKED.:
2024-07-14 11:10:18,660,INFO:ERETZ MUSEUM BUTTON WAS CLICKED.:
2024-07-14 11:10:20,758,INFO:--------------------------------------------------------------:
2024-07-14 11:14:53,419,INFO:Opens: Chrome browser:
2024-07-14 11:14:53,498,INFO:ERETZ MUSEUM URL MATCH TESTING BEGAN...:
2024-07-14 11:14:53,557,INFO:EXPLORE BUTTON WAS CLICKED.:
2024-07-14 11:14:55,459,INFO:ASTRONOMY PLACES BUTTON WAS CLICKED.:
2024-07-14 11:14:55,753,INFO:LOAD PLACES BUTTON WAS CLICKED.:
2024-07-14 11:14:56,628,INFO:ERETZ MUSEUM BUTTON WAS CLICKED.:
2024-07-14 11:14:58,388,INFO:--------------------------------------------------------------:
2024-07-14 11:15:16,034,INFO:Opens: Chrome browser:
2024-07-14 11:15:16,100,INFO:ERETZ MUSEUM URL MATCH TESTING BEGAN...:
2024-07-14 11:15:16,159,INFO:EXPLORE BUTTON WAS CLICKED.:
2024-07-14 11:15:22,928,INFO:ASTRONOMY PLACES BUTTON WAS CLICKED.:
2024-07-14 11:15:23,307,INFO:LOAD PLACES BUTTON WAS CLICKED.:
2024-07-14 11:15:24,246,INFO:ERETZ MUSEUM BUTTON WAS CLICKED.:
2024-07-14 11:15:57,832,INFO:Opens: Chrome browser:
2024-07-14 11:15:57,917,INFO:ERETZ MUSEUM URL MATCH TESTING BEGAN...:
2024-07-14 11:15:57,977,INFO:EXPLORE BUTTON WAS CLICKED.:
2024-07-14 11:16:03,616,INFO:ASTRONOMY PLACES BUTTON WAS CLICKED.:
2024-07-14 11:16:03,821,INFO:LOAD PLACES BUTTON WAS CLICKED.:
2024-07-14 11:16:04,672,INFO:ERETZ MUSEUM BUTTON WAS CLICKED.:
2024-07-14 11:16:06,573,INFO:--------------------------------------------------------------:
