2024-07-16 10:04:10,412:INFO:_____ERETZ MUSEUM URL MATCH TESTING BEGAN_____:
2024-07-16 10:04:10,412:INFO:Chrome browser was opened:
2024-07-16 10:04:16,257:INFO:Chrome browser was closed.:
2024-07-16 10:04:16,257:INFO:----------------- TEST DONE ------------------
:
2024-07-16 10:05:45,098:INFO:_____ERETZ MUSEUM URL MATCH TESTING BEGAN_____:
2024-07-16 10:05:45,099:INFO:Chrome browser was opened:
2024-07-16 10:05:48,167:INFO:Window was switched successfully.:
2024-07-16 10:05:50,673:INFO:Chrome browser was closed.:
2024-07-16 10:05:50,673:INFO:----------------- TEST DONE ------------------
:
2024-07-16 10:10:32,168:INFO:_____ERETZ MUSEUM URL MATCH TESTING BEGAN_____:
2024-07-16 10:10:32,169:INFO:Chrome browser was opened:
2024-07-16 10:10:42,621:INFO:Window was switched successfully.:
2024-07-16 10:10:45,068:INFO:Chrome browser was closed.:
2024-07-16 10:10:45,068:INFO:----------------- TEST DONE ------------------
:
2024-07-16 10:24:43,454:INFO:_____ERETZ MUSEUM URL MATCH TESTING BEGAN_____:
2024-07-16 10:24:43,455:INFO:FireFox browser was opened:
2024-07-16 10:24:48,212:INFO:Window was switched successfully.:
2024-07-16 10:24:48,244:INFO:FireFox browser was closed.:
2024-07-16 10:24:48,244:INFO:----------------- TEST DONE ------------------
:
2024-07-16 10:25:16,607:INFO:_____ERETZ MUSEUM URL MATCH TESTING BEGAN_____:
2024-07-16 10:25:16,609:INFO:FireFox browser was opened:
2024-07-16 10:25:20,967:INFO:Window was switched successfully.:
2024-07-16 10:25:20,999:INFO:FireFox browser was closed.:
2024-07-16 10:25:20,999:INFO:----------------- TEST DONE ------------------
:
2024-07-16 10:26:00,593:INFO:_____ERETZ MUSEUM URL MATCH TESTING BEGAN_____:
2024-07-16 10:26:00,594:INFO:Edge browser was opened:
2024-07-16 10:26:06,880:INFO:Window was switched successfully.:
2024-07-16 10:26:09,584:INFO:Edge browser was closed.:
2024-07-16 10:26:09,584:INFO:----------------- TEST DONE ------------------
:
2024-07-16 10:26:35,785:INFO:_____ERETZ MUSEUM URL MATCH TESTING BEGAN_____:
2024-07-16 10:26:35,786:INFO:Chrome browser was opened:
2024-07-16 10:26:39,990:INFO:Window was switched successfully.:
2024-07-16 10:26:43,000:INFO:Chrome browser was closed.:
2024-07-16 10:26:43,000:INFO:----------------- TEST DONE ------------------
:
2024-07-16 10:59:29,396:INFO:_____ERETZ MUSEUM URL MATCH TESTING BEGAN_____:
2024-07-16 10:59:29,396:INFO:Chrome browser was opened:
2024-07-16 10:59:36,937:INFO:Window was switched successfully.:
2024-07-16 10:59:40,576:INFO:Chrome browser was closed.:
2024-07-16 10:59:40,577:INFO:----------------- TEST DONE ------------------
:
2024-07-16 11:39:05,504:INFO:_____ERETZ MUSEUM URL MATCH TESTING BEGAN_____:
2024-07-16 11:39:05,505:INFO:Chrome browser was opened:
2024-07-16 11:39:11,894:INFO:Window was switched successfully.:
2024-07-16 11:39:19,047:INFO:Chrome browser was closed.:
2024-07-16 11:39:19,048:INFO:----------------- TEST DONE ------------------
:
2024-07-16 20:46:42,738:INFO:_____ERETZ MUSEUM URL MATCH TESTING BEGAN_____:
2024-07-16 20:46:42,739:INFO:Chrome browser was opened:
2024-07-16 20:46:45,165:ERROR:Can not switch to the eretz museum window.:
2024-07-16 20:46:55,408:INFO:_____ERETZ MUSEUM URL MATCH TESTING BEGAN_____:
2024-07-16 20:46:55,409:INFO:Chrome browser was opened:
2024-07-16 20:46:55,716:INFO:Chrome browser was closed.:
2024-07-16 20:46:55,716:INFO:----------------- TEST DONE ------------------
:
2024-07-16 20:47:15,256:INFO:_____ERETZ MUSEUM URL MATCH TESTING BEGAN_____:
2024-07-16 20:47:15,256:INFO:Chrome browser was opened:
2024-07-16 20:47:18,594:INFO:Window was switched successfully.:
2024-07-16 20:47:20,580:INFO:Chrome browser was closed.:
2024-07-16 20:47:20,581:INFO:----------------- TEST DONE ------------------
:
2024-07-16 20:56:31,389:INFO:_____ERETZ MUSEUM URL MATCH TESTING BEGAN_____:
2024-07-16 20:56:41,826:INFO:Chrome browser was closed.:
2024-07-16 20:56:41,826:INFO:----------------- TEST DONE ------------------
:
2024-07-16 20:56:54,773:INFO:_____ERETZ MUSEUM URL MATCH TESTING BEGAN_____:
2024-07-16 20:57:24,969:INFO:Chrome browser was closed.:
2024-07-16 20:57:24,969:INFO:----------------- TEST DONE ------------------
:
2024-07-16 21:01:10,828:INFO:_____ERETZ MUSEUM URL MATCH TESTING BEGAN_____:
2024-07-16 21:01:10,829:INFO:Chrome browser was opened:
2024-07-16 21:01:11,078:INFO:Chrome browser was closed.:
2024-07-16 21:01:11,078:INFO:----------------- TEST DONE ------------------
:
2024-07-16 21:01:23,469:INFO:_____ERETZ MUSEUM URL MATCH TESTING BEGAN_____:
2024-07-16 21:01:23,470:INFO:Chrome browser was opened:
2024-07-16 21:18:46,570:INFO:_____ERETZ MUSEUM URL MATCH TESTING BEGAN_____:
2024-07-16 21:18:46,570:INFO:Chrome browser was opened:
2024-07-16 21:18:49,353:INFO:Window was switched successfully.:
2024-07-16 21:18:52,220:INFO:Chrome browser was closed.:
2024-07-16 21:18:52,220:INFO:----------------- TEST DONE ------------------
:
2024-07-16 21:19:40,791:INFO:_____ERETZ MUSEUM URL MATCH TESTING BEGAN_____:
2024-07-16 21:19:40,791:INFO:Chrome browser was opened:
2024-07-16 21:19:49,478:INFO:Window was switched successfully.:
2024-07-16 21:20:02,176:INFO:Chrome browser was closed.:
2024-07-16 21:20:02,176:INFO:----------------- TEST DONE ------------------
:
2024-07-16 21:28:15,693:INFO:_____ERETZ MUSEUM URL MATCH TESTING BEGAN_____:
2024-07-16 21:28:15,693:INFO:Chrome browser was opened:
2024-07-16 21:28:19,083:INFO:Window was switched successfully.:
2024-07-16 21:28:20,875:INFO:Third dot was clicked successfully:
2024-07-16 21:28:20,931:INFO:Chrome browser was closed.:
2024-07-16 21:28:20,932:INFO:----------------- TEST DONE ------------------
:
2024-07-16 21:29:20,309:INFO:_____ERETZ MUSEUM URL MATCH TESTING BEGAN_____:
2024-07-16 21:29:20,310:INFO:Chrome browser was opened:
2024-07-16 21:29:23,349:INFO:Window was switched successfully.:
2024-07-16 21:29:33,170:INFO:Third dot was clicked successfully:
2024-07-16 21:29:33,231:INFO:Chrome browser was closed.:
2024-07-16 21:29:33,232:INFO:----------------- TEST DONE ------------------
:
2024-07-16 21:29:50,052:INFO:_____ERETZ MUSEUM URL MATCH TESTING BEGAN_____:
2024-07-16 21:29:50,052:INFO:Chrome browser was opened:
2024-07-16 21:29:53,689:INFO:Window was switched successfully.:
2024-07-16 21:30:03,569:INFO:Third dot was clicked successfully:
2024-07-16 21:30:03,636:INFO:Chrome browser was closed.:
2024-07-16 21:30:03,637:INFO:----------------- TEST DONE ------------------
:
2024-07-16 21:30:39,280:INFO:_____ERETZ MUSEUM URL MATCH TESTING BEGAN_____:
2024-07-16 21:30:39,281:INFO:Chrome browser was opened:
2024-07-16 21:30:42,035:INFO:Window was switched successfully.:
2024-07-16 21:30:43,724:INFO:Third dot was clicked successfully:
2024-07-16 21:30:43,781:INFO:Chrome browser was closed.:
2024-07-16 21:30:43,781:INFO:----------------- TEST DONE ------------------
:
2024-07-16 21:47:43,438:INFO:_____ERETZ MUSEUM URL MATCH TESTING BEGAN_____:
2024-07-16 21:47:43,439:INFO:Chrome browser was opened:
2024-07-16 21:47:45,418:INFO:Chrome browser was closed.:
2024-07-16 21:47:45,418:INFO:----------------- TEST DONE ------------------
:
2024-07-16 21:48:45,262:INFO:_____ERETZ MUSEUM URL MATCH TESTING BEGAN_____:
2024-07-16 21:48:45,262:INFO:Chrome browser was opened:
2024-07-16 21:48:47,607:INFO:Chrome browser was closed.:
2024-07-16 21:48:47,607:INFO:----------------- TEST DONE ------------------
:
2024-07-16 21:50:17,581:INFO:_____ERETZ MUSEUM URL MATCH TESTING BEGAN_____:
2024-07-16 21:50:17,581:INFO:Chrome browser was opened:
2024-07-16 21:50:20,168:INFO:Chrome browser was closed.:
2024-07-16 21:50:20,168:INFO:----------------- TEST DONE ------------------
:
2024-07-16 21:50:47,688:INFO:_____ERETZ MUSEUM URL MATCH TESTING BEGAN_____:
2024-07-16 21:50:47,689:INFO:Chrome browser was opened:
2024-07-16 21:51:08,671:INFO:Chrome browser was closed.:
2024-07-16 21:51:08,671:INFO:----------------- TEST DONE ------------------
:
2024-07-16 21:52:33,405:INFO:_____ERETZ MUSEUM URL MATCH TESTING BEGAN_____:
2024-07-16 21:52:33,405:INFO:Chrome browser was opened:
2024-07-16 21:52:37,296:INFO:Chrome browser was closed.:
2024-07-16 21:52:37,296:INFO:----------------- TEST DONE ------------------
:
2024-07-16 21:53:50,355:INFO:_____ERETZ MUSEUM URL MATCH TESTING BEGAN_____:
2024-07-16 21:53:50,356:INFO:Chrome browser was opened:
2024-07-16 21:53:53,170:INFO:Chrome browser was closed.:
2024-07-16 21:53:53,170:INFO:----------------- TEST DONE ------------------
:
2024-07-16 22:08:19,464:INFO:_____ERETZ MUSEUM URL MATCH TESTING BEGAN_____:
2024-07-16 22:08:19,464:INFO:Chrome browser was opened:
2024-07-16 22:08:28,214:INFO:Window was switched successfully.:
2024-07-16 22:08:30,758:ERROR:An error occured:
2024-07-16 22:08:30,775:INFO:Dots were clicked successfully:
2024-07-16 22:08:30,829:INFO:Chrome browser was closed.:
2024-07-16 22:08:30,829:INFO:----------------- TEST DONE ------------------
:
2024-07-16 22:09:01,813:INFO:_____ERETZ MUSEUM URL MATCH TESTING BEGAN_____:
2024-07-16 22:09:01,814:INFO:Chrome browser was opened:
2024-07-16 22:09:05,129:INFO:Window was switched successfully.:
2024-07-16 22:09:16,032:ERROR:An error occured:
2024-07-16 22:09:16,057:INFO:Dots were clicked successfully:
2024-07-16 22:09:16,114:INFO:Chrome browser was closed.:
2024-07-16 22:09:16,115:INFO:----------------- TEST DONE ------------------
:
2024-07-16 22:16:06,524:INFO:_____ERETZ MUSEUM URL MATCH TESTING BEGAN_____:
2024-07-16 22:16:06,524:INFO:Chrome browser was opened:
2024-07-16 22:16:12,347:INFO:Window was switched successfully.:
2024-07-16 22:16:23,172:ERROR:An error occured:
2024-07-16 22:16:23,186:INFO:Dots were clicked successfully:
2024-07-16 22:16:23,240:INFO:Chrome browser was closed.:
2024-07-16 22:16:23,240:INFO:----------------- TEST DONE ------------------
:
2024-07-16 22:17:03,640:INFO:_____ERETZ MUSEUM URL MATCH TESTING BEGAN_____:
2024-07-16 22:17:03,641:INFO:Chrome browser was opened:
2024-07-16 22:17:06,981:INFO:Window was switched successfully.:
2024-07-16 22:17:17,966:ERROR:An error occured:
2024-07-16 22:17:17,993:INFO:Dots were clicked successfully:
2024-07-16 22:17:18,053:INFO:Chrome browser was closed.:
2024-07-16 22:17:18,053:INFO:----------------- TEST DONE ------------------
:
2024-07-16 22:18:38,438:INFO:_____ERETZ MUSEUM URL MATCH TESTING BEGAN_____:
2024-07-16 22:18:38,439:INFO:Chrome browser was opened:
2024-07-16 22:18:45,787:INFO:Window was switched successfully.:
2024-07-16 22:18:59,183:INFO:_____ERETZ MUSEUM URL MATCH TESTING BEGAN_____:
2024-07-16 22:18:59,184:INFO:Chrome browser was opened:
2024-07-16 22:19:02,177:INFO:Window was switched successfully.:
2024-07-16 22:19:10,035:ERROR:An error occured:
2024-07-16 22:19:10,058:INFO:Dots were clicked successfully:
2024-07-16 22:19:10,121:INFO:Chrome browser was closed.:
2024-07-16 22:19:10,121:INFO:----------------- TEST DONE ------------------
:
2024-07-17 00:04:33,373:INFO:_____ERETZ MUSEUM EVENTS TESTING BEGAN_____:
2024-07-17 00:04:33,373:INFO:Chrome browser was opened:
2024-07-17 00:04:41,089:INFO:Window was switched successfully.:
2024-07-17 00:04:43,951:INFO:Chrome browser was closed.:
2024-07-17 00:04:43,951:INFO:----------------- TEST DONE ------------------
:
2024-07-17 00:05:31,261:INFO:_____ERETZ MUSEUM EVENTS TESTING BEGAN_____:
2024-07-17 00:05:31,261:INFO:Chrome browser was opened:
2024-07-17 00:05:34,170:INFO:Window was switched successfully.:
2024-07-17 00:05:37,283:ERROR:Can not switch to the eretz museum events window.:
2024-07-17 00:05:37,350:INFO:Chrome browser was closed.:
2024-07-17 00:05:37,350:INFO:----------------- TEST DONE ------------------
:
2024-07-17 09:55:59,999:INFO:_____ERETZ MUSEUM EVENTS TESTING BEGAN_____:
2024-07-17 09:55:59,999:INFO:Chrome browser was opened:
2024-07-17 09:56:02,774:INFO:Window was switched successfully.:
2024-07-17 09:56:06,023:ERROR:Can not switch to the eretz museum events window.:
2024-07-17 09:56:06,111:INFO:Chrome browser was closed.:
2024-07-17 09:56:06,112:INFO:----------------- TEST DONE ------------------
:
2024-07-17 09:58:47,286:INFO:_____ERETZ MUSEUM DOTS CLICK TESTING BEGAN_____:
2024-07-17 09:58:47,286:INFO:Chrome browser was opened:
2024-07-17 09:58:55,167:INFO:Window was switched successfully.:
2024-07-17 09:59:03,667:INFO:Dots were clicked successfully:
2024-07-17 09:59:03,732:INFO:Chrome browser was closed.:
2024-07-17 09:59:03,732:INFO:----------------- TEST DONE ------------------
:
2024-07-17 10:01:32,136:INFO:_____ERETZ MUSEUM DOTS CLICK TESTING BEGAN_____:
2024-07-17 10:01:32,136:INFO:Chrome browser was opened:
2024-07-17 10:01:35,485:INFO:Window was switched successfully.:
2024-07-17 10:01:41,075:INFO:Dots were clicked successfully:
2024-07-17 10:01:41,141:INFO:Chrome browser was closed.:
2024-07-17 10:01:41,141:INFO:----------------- TEST DONE ------------------
:
2024-07-17 10:02:09,148:INFO:_____ERETZ MUSEUM DOTS CLICK TESTING BEGAN_____:
2024-07-17 10:02:09,148:INFO:Chrome browser was opened:
2024-07-17 10:02:14,281:INFO:Window was switched successfully.:
2024-07-17 10:02:19,483:INFO:Dots were clicked successfully:
2024-07-17 10:02:19,548:INFO:Chrome browser was closed.:
2024-07-17 10:02:19,549:INFO:----------------- TEST DONE ------------------
:
2024-07-18 00:36:58,622:INFO:_____LIKE BUTTON ACTIVITY TESTING BEGAN_____:
2024-07-18 00:36:58,624:INFO:Chrome browser was opened:
2024-07-18 00:36:58,823:INFO:LIKE button is not displayed and clickable more.:
2024-07-18 00:36:59,022:INFO:Chrome browser was closed.:
2024-07-18 00:36:59,022:INFO:----------------- TEST DONE ------------------
:
