2024-07-19 00:03:24,134:INFO:_______TEST (6) BEGAN_______:
2024-07-19 00:03:24,134:INFO:Sending JSON request to the server.:
2024-07-19 00:03:25,395:ERROR:Cannot get a request: Expecting value: line 1 column 1 (char 0):
2024-07-19 00:03:25,488:INFO:_______TEST (1) BEGAN_______:
2024-07-19 00:03:26,419:INFO:Sending JSON request to the server.:
2024-07-19 00:03:27,342:INFO:JSON request has been obtained.:
2024-07-19 00:03:27,354:INFO:_______TEST (2) BEGAN_______:
2024-07-19 00:03:28,158:INFO:Sending JSON request to the server.:
2024-07-19 00:03:28,977:INFO:JSON request has been obtained.:
2024-07-19 00:03:28,987:INFO:_______TEST (3) BEGAN_______:
2024-07-19 00:03:29,796:INFO:Posted body:
{'id': 6, 'petId': 3, 'quantity': 4, 'shipDate': '2024-07-18T09:30:07.406+0000', 'status': 'placed', 'complete': True}:
2024-07-19 00:03:29,809:INFO:_______TEST (4) BEGAN_______:
2024-07-19 00:03:29,809:INFO:Sending JSON request to the server.:
2024-07-19 00:03:30,617:INFO:JSON request has been obtained.:
2024-07-19 00:03:30,622:INFO:_______TEST (5) BEGAN_______:
2024-07-19 00:03:31,334:INFO:Sending JSON request to the server.:
2024-07-19 00:03:32,177:INFO:JSON request has been obtained.:
2024-07-19 00:04:24,409:INFO:_______TEST (6) BEGAN_______:
2024-07-19 00:04:24,409:INFO:Sending JSON request to the server.:
2024-07-19 00:04:25,399:ERROR:Cannot get a request: Expecting value: line 1 column 1 (char 0):
2024-07-19 00:05:13,623:INFO:_______TEST (6) BEGAN_______:
2024-07-19 00:05:13,624:INFO:Sending JSON request to the server.:
2024-07-19 00:05:14,348:ERROR:Cannot get a request: Expecting value: line 1 column 1 (char 0):
