2024-07-19 23:54:09,840:INFO:2_______TEST (PET) BEGAN_______2:
2024-07-19 23:54:09,840:INFO:Sending post request.:
2024-07-19 23:54:10,639:INFO:Post request has been sent.:
2024-07-19 23:54:10,639:INFO:2_______TEST (PET) COMPLETED_______2
:
2024-07-19 23:54:10,641:INFO:3_______TEST (PET) BEGAN_______3:
2024-07-19 23:54:10,641:INFO:Sending post request.:
2024-07-19 23:54:11,257:INFO:Post request has been sent.:
2024-07-19 23:54:11,837:INFO:Delete request has been sent.:
2024-07-19 23:54:11,837:INFO:Delete request completed successfully.:
2024-07-19 23:54:11,838:INFO:3_______TEST (PET) COMPLETED_______3
:
2024-07-19 23:54:11,839:INFO:1_______TEST (PET]) BEGAN_______1:
2024-07-19 23:54:11,839:INFO:Sending get request to the server.:
2024-07-19 23:54:13,058:INFO:Response has been received.:
2024-07-19 23:54:13,058:INFO:Sending JSON request to the server.:
2024-07-19 23:54:14,224:INFO:JSON request has been received.:
2024-07-19 23:54:14,224:INFO:1_______TEST (PET) COMPLETED_______1
:
2024-07-19 23:54:20,672:INFO:4_______TEST (STORE) BEGAN_______4:
2024-07-19 23:54:20,672:INFO:Sending get request to the server.:
2024-07-19 23:54:21,265:INFO:Response has been received.:
2024-07-19 23:54:21,265:INFO:Sending JSON request to the server.:
2024-07-19 23:54:21,872:INFO:JSON request has been received.:
2024-07-19 23:54:21,904:INFO:6_______TEST (STORE) BEGAN_______6:
2024-07-19 23:54:21,905:INFO:Sending JSON request to the server.:
2024-07-19 23:54:22,519:INFO:JSON request has been received.:
2024-07-19 23:54:22,519:INFO:6_______TEST (STORE) COMPLETED_______6
:
2024-07-19 23:54:22,520:INFO:5_______TEST (STORE) BEGAN_______5:
2024-07-19 23:54:22,520:INFO:Sending post request.:
2024-07-19 23:54:23,089:INFO:Post request has been sent.:
2024-07-19 23:54:23,089:INFO:5_______TEST (STORE) COMPLETED_______5
:
2024-07-19 23:54:32,567:INFO:8_______TEST (USER) BEGAN_______8:
2024-07-19 23:54:32,567:INFO:Sending get request to the server.:
2024-07-19 23:54:33,163:INFO:Response has been received.:
2024-07-19 23:54:33,163:INFO:Sending get request to the server.:
2024-07-19 23:54:33,750:INFO:Response status code: 200:
2024-07-19 23:54:33,750:INFO:Response is ok: True:
2024-07-19 23:54:33,751:INFO:Sending JSON request to the server.:
2024-07-19 23:54:33,751:INFO:JSON request has been received.:
2024-07-19 23:54:33,751:INFO:8_______TEST (USER) COMPLETED_______8
:
2024-07-19 23:54:33,753:INFO:9_______TEST (USER) BEGAN_______9:
2024-07-19 23:54:33,753:INFO:Sending get request to the server.:
2024-07-19 23:54:34,338:INFO:Response has been received.:
2024-07-19 23:54:34,338:INFO:Sending JSON request.:
2024-07-19 23:54:34,933:INFO:JSON response has been received.:
2024-07-19 23:54:34,934:INFO:9_______TEST (USER) COMPLETED_______9
:
2024-07-19 23:54:34,935:INFO:7_______TEST (USER) BEGAN_______7:
2024-07-19 23:54:34,935:INFO:Sending get request to the server.:
2024-07-19 23:54:35,708:INFO:Response has been received.:
2024-07-19 23:54:35,708:INFO:Sending JSON request to the server.:
2024-07-19 23:54:36,283:INFO:JSON request has been received.:
2024-07-19 23:54:36,283:INFO:7_______TEST (USER) COMPLETED_______7
:
2024-07-20 10:24:44,910:INFO:9_______TEST (USER) BEGAN_______9:
2024-07-20 10:24:44,912:INFO:Sending get request to the server.:
2024-07-20 10:24:46,858:INFO:Response has been received.:
2024-07-20 10:24:46,859:INFO:Sending JSON request.:
2024-07-20 10:24:47,708:INFO:JSON response has been received.:
2024-07-20 10:24:47,708:INFO:9_______TEST (USER) COMPLETED_______9
:
2024-07-20 10:26:11,125:INFO:9_______TEST (USER) BEGAN_______9:
2024-07-20 10:26:11,126:INFO:Sending get request to the server.:
2024-07-20 10:26:12,057:INFO:Response has been received.:
2024-07-20 10:26:12,057:INFO:Sending JSON request.:
2024-07-20 10:26:12,774:INFO:JSON response has been received.:
2024-07-20 10:26:12,774:INFO:9_______TEST (USER) COMPLETED_______9
:
2024-07-20 12:09:25,076:INFO:8_______TEST (USER) BEGAN_______8:
2024-07-20 12:09:25,077:INFO:Sending get request to the server.:
2024-07-20 12:09:27,663:INFO:Response has been received.:
2024-07-20 12:09:27,664:INFO:Sending JSON request to the server.:
2024-07-20 12:09:28,455:INFO:JSON request has been received.:
2024-07-20 12:09:28,456:INFO:8_______TEST (USER) COMPLETED_______8
:
2024-07-20 12:09:28,457:INFO:9_______TEST (USER) BEGAN_______9:
2024-07-20 12:09:28,457:INFO:Sending get request to the server.:
2024-07-20 12:09:29,401:INFO:Response has been received.:
2024-07-20 12:09:29,402:INFO:Sending JSON request.:
2024-07-20 12:09:30,207:INFO:JSON response has been received.:
2024-07-20 12:09:30,208:INFO:9_______TEST (USER) COMPLETED_______9
:
2024-07-20 12:09:30,209:INFO:7_______TEST (USER) BEGAN_______7:
2024-07-20 12:09:30,209:INFO:Sending get request to the server.:
2024-07-20 12:09:31,367:INFO:Response has been received.:
2024-07-20 12:09:31,367:INFO:Sending JSON request to the server.:
2024-07-20 12:09:32,039:INFO:JSON request has been received.:
2024-07-20 12:09:32,039:INFO:7_______TEST (USER) COMPLETED_______7
:
2024-07-20 12:09:37,322:INFO:2_______TEST (PET) BEGAN_______2:
2024-07-20 12:09:37,322:INFO:Sending post request.:
2024-07-20 12:09:38,199:INFO:Post request has been sent.:
2024-07-20 12:09:38,199:INFO:2_______TEST (PET) COMPLETED_______2
:
2024-07-20 12:09:38,201:INFO:3_______TEST (PET) BEGAN_______3:
2024-07-20 12:09:38,201:INFO:Sending post request.:
2024-07-20 12:09:39,222:INFO:Post request has been sent.:
2024-07-20 12:09:40,023:INFO:Delete request has been sent.:
2024-07-20 12:09:40,024:INFO:Delete request completed successfully.:
2024-07-20 12:09:40,024:INFO:3_______TEST (PET) COMPLETED_______3
:
2024-07-20 12:09:40,026:INFO:1_______TEST (PET]) BEGAN_______1:
2024-07-20 12:09:40,026:INFO:Sending get request to the server.:
2024-07-20 12:09:41,473:INFO:Response has been received.:
2024-07-20 12:09:41,473:INFO:Sending JSON request to the server.:
2024-07-20 12:09:42,924:INFO:JSON request has been received.:
2024-07-20 12:09:42,925:INFO:1_______TEST (PET) COMPLETED_______1
:
2024-07-20 12:09:45,533:INFO:4_______TEST (STORE) BEGAN_______4:
2024-07-20 12:09:45,534:INFO:Sending get request to the server.:
2024-07-20 12:09:46,353:INFO:Response has been received.:
2024-07-20 12:09:46,353:INFO:Sending JSON request to the server.:
2024-07-20 12:09:47,508:INFO:JSON request has been received.:
2024-07-20 12:09:47,547:INFO:6_______TEST (STORE) BEGAN_______6:
2024-07-20 12:09:47,548:INFO:Sending JSON request to the server.:
2024-07-20 12:09:48,525:INFO:JSON request has been received.:
2024-07-20 12:09:48,526:ERROR:Can not get a request: 'message':
2024-07-20 12:09:48,528:INFO:5_______TEST (STORE) BEGAN_______5:
2024-07-20 12:09:48,529:INFO:Sending post request.:
2024-07-20 12:09:49,374:INFO:Post request has been sent.:
2024-07-20 12:09:49,374:INFO:5_______TEST (STORE) COMPLETED_______5
:
2024-07-20 12:13:11,805:INFO:6_______TEST (STORE) BEGAN_______6:
2024-07-20 12:13:11,806:INFO:Sending JSON request to the server.:
2024-07-20 12:13:12,507:INFO:JSON request has been received.:
2024-07-20 12:13:12,507:INFO:6_______TEST (STORE) COMPLETED_______6
:
2024-07-20 12:13:16,792:INFO:5_______TEST (STORE) BEGAN_______5:
2024-07-20 12:13:16,793:INFO:Sending post request.:
2024-07-20 12:13:17,687:INFO:Post request has been sent.:
2024-07-20 12:13:17,687:INFO:5_______TEST (STORE) COMPLETED_______5
:
2024-07-20 12:13:20,850:INFO:4_______TEST (STORE) BEGAN_______4:
2024-07-20 12:13:20,850:INFO:Sending get request to the server.:
2024-07-20 12:13:21,739:INFO:Response has been received.:
2024-07-20 12:13:21,739:INFO:Sending JSON request to the server.:
2024-07-20 12:13:22,543:INFO:JSON request has been received.:
2024-07-20 12:13:51,186:INFO:4_______TEST (STORE) BEGAN_______4:
2024-07-20 12:13:51,187:INFO:Sending get request to the server.:
2024-07-20 12:13:52,146:INFO:Response has been received.:
2024-07-20 12:13:52,146:INFO:Sending JSON request to the server.:
2024-07-20 12:13:52,855:INFO:JSON request has been received.:
2024-07-20 12:13:52,855:INFO:4_______TEST (STORE) COMPLETED_______4
:
2024-07-20 15:49:37,775:INFO:4_______TEST (STORE) BEGAN_______4:
2024-07-20 15:49:37,776:INFO:Sending get request to the server.:
2024-07-20 15:49:38,976:INFO:Response has been received.:
2024-07-20 15:49:38,976:INFO:Sending JSON request to the server.:
2024-07-20 15:49:39,799:INFO:JSON response has been received.:
2024-07-20 15:49:39,799:INFO:4_______TEST (STORE) COMPLETED_______4
:
2024-07-20 17:58:48,360:INFO:4_______TEST (STORE) BEGAN_______4:
2024-07-20 17:58:48,361:INFO:Sending get request to the server.:
2024-07-20 23:01:25,756:INFO:2_______TEST (PET) BEGAN_______2:
2024-07-20 23:01:25,756:INFO:Sending post request.:
2024-07-20 23:01:26,403:INFO:Post request has been sent.:
2024-07-20 23:01:26,403:INFO:2_______TEST (PET) COMPLETED_______2
:
2024-07-20 23:01:40,434:INFO:2_______TEST (PET) BEGAN_______2:
2024-07-20 23:01:40,434:INFO:Sending post request.:
2024-07-20 23:01:41,367:INFO:Post request has been sent.:
2024-07-20 23:01:41,367:INFO:2_______TEST (PET) COMPLETED_______2
:
2024-07-20 23:35:51,482:INFO:10_______TEST (USER) BEGAN_______10:
2024-07-20 23:35:51,483:INFO:Sending post request.:
2024-07-20 23:35:54,574:ERROR:Post request has not been sent.:
2024-07-20 23:39:55,089:INFO:10_______TEST (USER) BEGAN_______10:
2024-07-20 23:39:55,089:INFO:Sending post request.:
2024-07-20 23:39:56,004:INFO:Post request has been sent.:
2024-07-20 23:41:41,266:INFO:10_______TEST (USER) BEGAN_______10:
2024-07-20 23:41:41,266:INFO:Sending post request.:
2024-07-20 23:41:43,174:INFO:Post request has been sent.:
2024-07-20 23:42:13,636:INFO:10_______TEST (USER) BEGAN_______10:
2024-07-20 23:42:13,636:INFO:Sending post request.:
2024-07-20 23:42:14,298:INFO:Post request has been sent.:
2024-07-20 23:44:00,205:INFO:10_______TEST (USER) BEGAN_______10:
2024-07-20 23:44:00,205:INFO:Sending post request.:
2024-07-20 23:44:00,964:INFO:Post request has been sent.:
2024-07-20 23:45:48,559:INFO:10_______TEST (USER) BEGAN_______10:
2024-07-20 23:45:48,559:INFO:Sending post request.:
2024-07-20 23:45:49,359:INFO:Post request has been sent.:
2024-07-20 23:47:45,852:INFO:10_______TEST (USER) BEGAN_______10:
2024-07-20 23:47:45,852:INFO:Sending post request.:
2024-07-20 23:47:46,630:INFO:Post request has been sent.:
2024-07-20 23:48:23,717:INFO:10_______TEST (USER) BEGAN_______10:
2024-07-20 23:48:23,717:INFO:Sending post request.:
2024-07-20 23:48:24,365:INFO:Post request has been sent.:
2024-07-20 23:49:43,869:INFO:10_______TEST (USER) BEGAN_______10:
2024-07-20 23:49:43,869:INFO:Sending post request.:
2024-07-20 23:49:44,607:INFO:Post request has been sent.:
2024-07-20 23:49:57,166:INFO:10_______TEST (USER) BEGAN_______10:
2024-07-20 23:49:57,167:INFO:Sending post request.:
2024-07-20 23:49:57,876:INFO:Post request has been sent.:
2024-07-20 23:50:12,028:INFO:10_______TEST (USER) BEGAN_______10:
2024-07-20 23:50:12,030:INFO:Sending post request.:
2024-07-20 23:50:12,679:INFO:Post request has been sent.:
2024-07-20 23:50:31,504:INFO:10_______TEST (USER) BEGAN_______10:
2024-07-20 23:50:31,504:INFO:Sending post request.:
2024-07-20 23:50:32,171:INFO:Post request has been sent.:
2024-07-20 23:52:24,404:INFO:10_______TEST (USER) BEGAN_______10:
2024-07-20 23:52:24,404:INFO:Sending post request.:
2024-07-20 23:52:25,390:INFO:Post request has been sent.:
2024-07-20 23:53:33,709:INFO:10_______TEST (USER) BEGAN_______10:
2024-07-20 23:53:33,709:INFO:Sending post request.:
2024-07-20 23:53:35,523:INFO:Post request has been sent.:
2024-07-20 23:53:46,678:INFO:10_______TEST (USER) BEGAN_______10:
2024-07-20 23:53:46,678:INFO:Sending post request.:
2024-07-20 23:53:47,373:INFO:Post request has been sent.:
2024-07-21 08:53:07,870:INFO:3_______TEST (PET) BEGAN_______3:
2024-07-21 08:53:07,871:INFO:Sending post request.:
2024-07-21 08:53:10,539:INFO:Post request has been sent.:
2024-07-21 08:53:11,359:INFO:Delete request has been sent.:
2024-07-21 08:53:11,360:INFO:Delete request completed successfully.:
2024-07-21 08:53:11,389:INFO:3_______TEST (PET) COMPLETED_______3
:
2024-07-21 09:18:17,284:INFO:10_______TEST (USER) BEGAN_______10:
2024-07-21 09:18:17,285:INFO:Sending post request.:
2024-07-21 09:18:18,033:INFO:Post request has been sent.:
2024-07-21 09:18:47,545:INFO:10_______TEST (USER) BEGAN_______10:
2024-07-21 09:18:47,546:INFO:Sending post request.:
2024-07-21 09:18:48,295:INFO:Post request has been sent.:
2024-07-21 09:42:35,732:INFO:10_______TEST (USER) BEGAN_______10:
2024-07-21 09:42:35,733:INFO:Sending post request.:
2024-07-21 09:42:38,120:INFO:Post request has been sent.:
2024-07-21 09:42:38,120:INFO:Sending get request to the server.:
2024-07-21 09:45:55,054:INFO:10_______TEST (USER) BEGAN_______10:
2024-07-21 09:45:55,054:INFO:Sending post request.:
2024-07-21 09:45:55,959:INFO:Post request has been sent.:
2024-07-21 09:45:55,959:INFO:Sending get request to the server.:
2024-07-21 09:45:56,651:ERROR:Response has not been received.:
2024-07-21 09:46:45,384:INFO:10_______TEST (USER) BEGAN_______10:
2024-07-21 09:46:45,384:INFO:Sending post request.:
2024-07-21 09:46:46,032:INFO:Post request has been sent.:
2024-07-21 09:46:46,032:INFO:Sending get request to the server.:
2024-07-21 09:46:46,658:ERROR:Response has not been received.:
2024-07-21 09:51:36,116:INFO:10_______TEST (USER) BEGAN_______10:
2024-07-21 09:51:36,116:INFO:Sending post request.:
2024-07-21 09:51:37,056:INFO:Post request has been sent.:
2024-07-21 09:51:37,057:INFO:Sending get request to the server.:
2024-07-21 09:51:37,728:ERROR:Response has not been received.:
2024-07-21 09:51:56,778:INFO:10_______TEST (USER) BEGAN_______10:
2024-07-21 09:51:56,779:INFO:Sending post request.:
2024-07-21 09:51:57,633:INFO:Post request has been sent.:
2024-07-21 09:51:57,634:INFO:Sending get request to the server.:
2024-07-21 09:51:58,290:ERROR:Response has not been received.:
2024-07-21 09:52:41,285:INFO:10_______TEST (USER) BEGAN_______10:
2024-07-21 09:52:41,286:INFO:Sending post request.:
2024-07-21 09:52:42,081:INFO:Post request has been sent.:
2024-07-21 09:52:42,081:INFO:Sending get request to the server.:
2024-07-21 09:52:42,794:INFO:Response has been received.:
2024-07-21 09:53:01,583:INFO:10_______TEST (USER) BEGAN_______10:
2024-07-21 09:53:01,583:INFO:Sending post request.:
2024-07-21 09:53:02,359:INFO:Post request has been sent.:
2024-07-21 09:53:02,367:INFO:Sending get request to the server.:
2024-07-21 09:53:02,982:INFO:Response has been received.:
2024-07-21 09:54:16,441:INFO:10_______TEST (USER) BEGAN_______10:
2024-07-21 09:54:16,441:INFO:Sending post request.:
2024-07-21 09:54:17,337:INFO:Post request has been sent.:
2024-07-21 09:54:17,337:INFO:Sending get request to the server.:
2024-07-21 09:54:17,954:INFO:Response has been received.:
2024-07-21 09:55:32,212:INFO:10_______TEST (USER) BEGAN_______10:
2024-07-21 09:55:32,212:INFO:Sending post request.:
2024-07-21 09:55:32,945:ERROR:Post request has not been sent.:
2024-07-21 09:55:32,946:INFO:Sending get request to the server.:
2024-07-21 09:55:33,761:ERROR:Response has not been received.:
2024-07-21 09:55:53,442:INFO:10_______TEST (USER) BEGAN_______10:
2024-07-21 09:55:53,442:INFO:Sending post request.:
2024-07-21 09:55:54,094:ERROR:Post request has not been sent.:
2024-07-21 09:55:54,095:INFO:Sending get request to the server.:
2024-07-21 09:55:54,720:ERROR:Response has not been received.:
2024-07-21 09:56:14,869:INFO:10_______TEST (USER) BEGAN_______10:
2024-07-21 09:56:14,873:INFO:Sending post request.:
2024-07-21 09:56:15,689:INFO:Post request has been sent.:
2024-07-21 09:56:15,691:INFO:Sending get request to the server.:
2024-07-21 09:56:16,456:INFO:Response has been received.:
2024-07-21 09:59:11,574:INFO:10_______TEST (USER) BEGAN_______10:
2024-07-21 09:59:11,574:INFO:Sending post request.:
2024-07-21 09:59:13,203:INFO:Post request has been sent.:
2024-07-21 09:59:13,203:INFO:Sending get request to the server.:
2024-07-21 09:59:13,889:INFO:Response has been received.:
2024-07-21 09:59:39,952:INFO:10_______TEST (USER) BEGAN_______10:
2024-07-21 09:59:39,952:INFO:Sending post request.:
2024-07-21 09:59:40,695:INFO:Post request has been sent.:
2024-07-21 09:59:40,696:INFO:Sending get request to the server.:
2024-07-21 09:59:41,412:INFO:Response has been received.:
2024-07-21 10:03:18,018:INFO:10_______TEST (USER) BEGAN_______10:
2024-07-21 10:03:18,021:INFO:Sending post request.:
2024-07-21 10:03:18,913:ERROR:Post request has not been sent.:
2024-07-21 10:03:18,914:INFO:Sending get request to the server.:
2024-07-21 10:03:19,732:ERROR:Response has not been received.:
2024-07-21 10:05:21,893:INFO:10_______TEST (USER) BEGAN_______10:
2024-07-21 10:05:21,894:INFO:Sending post request.:
2024-07-21 10:05:22,893:INFO:Post request has been sent.:
2024-07-21 10:05:22,893:INFO:Sending get request to the server.:
2024-07-21 10:05:23,587:ERROR:Response has not been received.:
2024-07-21 10:05:33,709:INFO:10_______TEST (USER) BEGAN_______10:
2024-07-21 10:05:33,709:INFO:Sending post request.:
2024-07-21 10:05:34,424:INFO:Post request has been sent.:
2024-07-21 10:05:34,424:INFO:Sending get request to the server.:
2024-07-21 10:05:35,155:INFO:Response has been received.:
2024-07-21 10:08:37,214:INFO:10_______TEST (USER) BEGAN_______10:
2024-07-21 10:08:37,214:INFO:Sending post request.:
2024-07-21 10:08:37,828:INFO:Post request has been sent.:
2024-07-21 10:08:37,828:INFO:Sending get request to the server.:
2024-07-21 10:08:38,608:ERROR:Response has not been received.:
2024-07-21 10:08:52,701:INFO:10_______TEST (USER) BEGAN_______10:
2024-07-21 10:08:52,701:INFO:Sending post request.:
2024-07-21 10:08:53,414:INFO:Post request has been sent.:
2024-07-21 10:08:53,414:INFO:Sending get request to the server.:
2024-07-21 10:08:54,173:INFO:Response has been received.:
2024-07-21 10:09:59,920:INFO:10_______TEST (USER) BEGAN_______10:
2024-07-21 10:09:59,921:INFO:Sending post request.:
2024-07-21 10:10:00,942:INFO:Post request has been sent.:
2024-07-21 10:10:00,942:INFO:Sending get request to the server.:
2024-07-21 10:10:01,757:INFO:Response has been received.:
2024-07-21 10:11:55,851:INFO:10_______TEST (USER) BEGAN_______10:
2024-07-21 10:11:55,852:INFO:Sending post request.:
2024-07-21 10:11:56,706:INFO:Post request has been sent.:
2024-07-21 10:11:56,708:INFO:Sending get request to the server.:
2024-07-21 10:11:57,473:INFO:Response has been received.:
2024-07-21 10:12:19,376:INFO:10_______TEST (USER) BEGAN_______10:
2024-07-21 10:12:19,378:INFO:Sending post request.:
2024-07-21 10:12:20,153:INFO:Post request has been sent.:
2024-07-21 10:12:20,154:INFO:Sending get request to the server.:
2024-07-21 10:12:20,763:INFO:Response has been received.:
2024-07-21 10:12:54,328:INFO:10_______TEST (USER) BEGAN_______10:
2024-07-21 10:12:54,329:INFO:Sending post request.:
2024-07-21 10:12:54,967:INFO:Post request has been sent.:
2024-07-21 10:12:54,967:INFO:Sending get request to the server.:
2024-07-21 10:12:55,591:INFO:Response has been received.:
2024-07-21 10:25:01,159:INFO:2_______TEST (PET) BEGAN_______2:
2024-07-21 10:25:01,160:INFO:Sending post request.:
2024-07-21 10:25:02,916:INFO:Post request has been sent.:
2024-07-21 10:25:02,916:INFO:Sending get request to the server.:
2024-07-21 10:25:03,016:ERROR:Cannot senf a request: HTTPSConnectionPool(host='petstore.swagger.iohttps', port=443): Max retries exceeded with url: /petstore.swagger.io/v2/pet/3125 (Caused by NameResolutionError("<urllib3.connection.HTTPSConnection object at 0x0000027E04F95A30>: Failed to resolve 'petstore.swagger.iohttps' ([Errno 11001] getaddrinfo failed)")):
2024-07-21 10:25:50,998:INFO:2_______TEST (PET) BEGAN_______2:
2024-07-21 10:25:50,998:INFO:Sending post request.:
2024-07-21 10:25:51,632:INFO:Post request has been sent.:
2024-07-21 10:25:51,632:INFO:Sending get request to the server.:
2024-07-21 10:25:52,449:INFO:Response has been received.:
2024-07-21 10:25:52,450:INFO:2_______TEST (PET) COMPLETED_______2
:
2024-07-21 10:26:18,421:INFO:10_______TEST (USER) BEGAN_______10:
2024-07-21 10:26:18,421:INFO:Sending post request.:
2024-07-21 10:26:19,287:INFO:Post request has been sent.:
2024-07-21 10:26:19,287:INFO:Sending get request to the server.:
2024-07-21 10:26:20,066:INFO:Response has been received.:
2024-07-21 10:26:50,340:INFO:10_______TEST (USER) BEGAN_______10:
2024-07-21 10:26:50,341:INFO:Sending post request.:
2024-07-21 10:26:50,954:INFO:Post request has been sent.:
2024-07-21 10:26:50,954:INFO:Sending get request to the server.:
2024-07-21 10:26:51,641:INFO:Response has been received.:
2024-07-21 10:32:25,535:INFO:2_______TEST (PET) BEGAN_______2:
2024-07-21 10:32:25,536:INFO:Sending post request.:
2024-07-21 10:32:27,801:INFO:Post request has been sent.:
2024-07-21 10:32:27,801:INFO:Sending get request to the server.:
2024-07-21 10:32:28,414:INFO:Response has been received.:
2024-07-21 10:33:58,969:INFO:10_______TEST (USER) BEGAN_______10:
2024-07-21 10:33:58,970:INFO:Sending post request.:
2024-07-21 10:33:59,723:INFO:Post request has been sent.:
2024-07-21 10:33:59,723:INFO:Sending get request to the server.:
2024-07-21 10:34:00,360:INFO:Response has been received.:
2024-07-21 10:40:48,486:INFO:10_______TEST (USER) BEGAN_______10:
2024-07-21 10:40:48,487:INFO:Sending post request.:
2024-07-21 10:40:49,917:INFO:Post request has been sent.:
2024-07-21 10:40:49,917:INFO:Sending get request to the server.:
2024-07-21 10:40:50,544:INFO:Response has been received.:
2024-07-21 10:41:21,092:INFO:10_______TEST (USER) BEGAN_______10:
2024-07-21 10:41:21,092:INFO:Sending post request.:
2024-07-21 10:41:21,734:INFO:Post request has been sent.:
2024-07-21 10:41:21,735:INFO:Sending get request to the server.:
2024-07-21 10:41:22,349:INFO:Response has been received.:
2024-07-21 10:42:02,413:INFO:10_______TEST (USER) BEGAN_______10:
2024-07-21 10:42:17,534:INFO:10_______TEST (USER) BEGAN_______10:
2024-07-21 10:42:17,535:INFO:Sending post request.:
2024-07-21 10:42:18,223:INFO:Post request has been sent.:
2024-07-21 10:42:18,223:INFO:Sending get request to the server.:
2024-07-21 10:42:18,816:INFO:Response has been received.:
2024-07-21 10:49:17,747:INFO:10_______TEST (USER) BEGAN_______10:
2024-07-21 11:00:48,994:INFO:10_______TEST (USER) BEGAN_______10:
2024-07-21 11:00:48,994:INFO:Sending post request.:
2024-07-21 11:00:49,766:INFO:Post request has been sent.:
2024-07-21 11:00:49,766:INFO:Sending get request to the server.:
2024-07-21 11:00:50,378:INFO:Response has been received.:
2024-07-21 11:02:21,974:INFO:10_______TEST (USER) BEGAN_______10:
2024-07-21 11:02:21,974:INFO:Sending post request.:
2024-07-21 11:02:22,812:INFO:Post request has been sent.:
2024-07-21 11:02:22,812:INFO:Sending get request to the server.:
2024-07-21 11:02:23,433:INFO:Response has been received.:
2024-07-21 11:02:46,741:INFO:10_______TEST (USER) BEGAN_______10:
2024-07-21 11:02:46,741:INFO:Sending post request.:
2024-07-21 11:02:47,353:INFO:Post request has been sent.:
2024-07-21 11:02:47,353:INFO:Sending get request to the server.:
2024-07-21 11:02:47,961:INFO:Response has been received.:
2024-07-21 11:09:24,987:INFO:10_______TEST (USER) BEGAN_______10:
2024-07-21 11:09:24,987:INFO:Sending post request.:
2024-07-21 11:09:25,848:INFO:Post request has been sent.:
2024-07-21 11:09:25,848:INFO:Sending get request to the server.:
2024-07-21 11:09:26,449:INFO:Response has been received.:
2024-07-21 11:11:55,919:INFO:10_______TEST (USER) BEGAN_______10:
2024-07-21 11:11:55,921:INFO:Sending post request.:
2024-07-21 11:11:56,624:INFO:Post request has been sent.:
2024-07-21 11:11:56,624:INFO:Sending get request to the server.:
2024-07-21 11:11:57,235:INFO:Response has been received.:
2024-07-21 11:13:51,658:INFO:2_______TEST (PET) BEGAN_______2:
2024-07-21 11:13:51,658:INFO:Sending post request.:
2024-07-21 11:13:53,908:INFO:Post request has been sent.:
2024-07-21 11:13:53,908:INFO:Sending get request to the server.:
2024-07-21 11:13:54,511:INFO:Response has been received.:
2024-07-21 11:13:54,511:INFO:2_______TEST (PET) COMPLETED_______2
:
2024-07-21 11:22:21,636:INFO:3_______TEST (PET) BEGAN_______3:
2024-07-21 11:22:21,636:INFO:Sending post request.:
2024-07-21 11:22:22,281:INFO:Post request has been sent.:
2024-07-21 11:22:22,909:ERROR:Delete request has not been sent.:
2024-07-21 11:28:29,821:INFO:3_______TEST (PET) BEGAN_______3:
2024-07-21 11:28:29,821:INFO:Sending post request.:
2024-07-21 11:28:30,507:INFO:Post request has been sent.:
2024-07-21 11:28:31,133:ERROR:Delete request has not been sent.:
2024-07-21 11:43:19,725:INFO:1_______TEST (PET]) BEGAN_______1:
2024-07-21 11:43:19,725:INFO:Sending get request to the server.:
2024-07-21 11:43:20,520:INFO:Response has been received.:
2024-07-21 11:43:20,520:INFO:1_______TEST (PET) COMPLETED_______1
:
2024-07-21 11:43:51,008:INFO:1_______TEST (PET]) BEGAN_______1:
2024-07-21 11:43:51,008:INFO:Sending get request to the server.:
2024-07-21 11:43:51,626:INFO:Response has been received.:
2024-07-21 11:43:51,627:INFO:1_______TEST (PET) COMPLETED_______1
:
2024-07-21 11:43:55,164:INFO:1_______TEST (PET]) BEGAN_______1:
2024-07-21 11:43:55,164:INFO:Sending get request to the server.:
2024-07-21 11:43:55,786:INFO:Response has been received.:
2024-07-21 11:43:55,786:INFO:1_______TEST (PET) COMPLETED_______1
:
2024-07-21 11:43:57,804:INFO:1_______TEST (PET]) BEGAN_______1:
2024-07-21 11:43:57,805:INFO:Sending get request to the server.:
2024-07-21 11:43:58,416:INFO:Response has been received.:
2024-07-21 11:43:58,416:INFO:1_______TEST (PET) COMPLETED_______1
:
2024-07-21 11:46:01,262:INFO:1_______TEST (PET]) BEGAN_______1:
2024-07-21 11:46:01,263:INFO:Sending get request to the server.:
2024-07-21 11:46:02,208:INFO:Response has been received.:
2024-07-21 11:46:02,208:INFO:1_______TEST (PET) COMPLETED_______1
:
2024-07-21 11:52:12,871:INFO:8_______TEST (USER) BEGAN_______8:
2024-07-21 11:52:12,871:INFO:Sending JSON request to the server.:
2024-07-21 11:52:13,829:INFO:JSON response has been received.:
2024-07-21 11:54:14,754:INFO:8_______TEST (USER) BEGAN_______8:
2024-07-21 11:54:14,756:INFO:Sending get request to the server.:
2024-07-21 11:54:19,299:INFO:Response has been received.:
2024-07-21 11:54:49,649:INFO:8_______TEST (USER) BEGAN_______8:
2024-07-21 11:54:49,649:INFO:Sending get request to the server.:
2024-07-21 11:54:50,393:INFO:Response has been received.:
2024-07-21 11:55:28,970:INFO:8_______TEST (USER) BEGAN_______8:
2024-07-21 11:55:28,970:INFO:Sending get request to the server.:
2024-07-21 11:55:30,639:INFO:Response has been received.:
2024-07-21 11:55:30,639:INFO:8_______TEST (USER) COMPLETED_______8
:
2024-07-21 12:11:56,644:INFO:9_______TEST (USER) BEGAN_______9:
2024-07-21 12:11:56,645:INFO:Sending get request to the server.:
2024-07-21 12:11:57,327:INFO:Response has been received.:
2024-07-21 12:11:57,327:INFO:9_______TEST (USER) COMPLETED_______9
:
2024-07-21 12:12:59,186:INFO:10_______TEST (USER) BEGAN_______10:
2024-07-21 12:12:59,187:INFO:Sending post request.:
2024-07-21 12:13:00,860:INFO:Post request has been sent.:
2024-07-21 12:13:00,861:INFO:Sending get request to the server.:
2024-07-21 12:13:01,590:INFO:Response has been received.:
2024-07-21 12:13:05,669:INFO:9_______TEST (USER) BEGAN_______9:
2024-07-21 12:13:05,670:INFO:Sending get request to the server.:
2024-07-21 12:13:06,391:INFO:Response has been received.:
2024-07-21 12:13:06,392:INFO:9_______TEST (USER) COMPLETED_______9
:
2024-07-21 12:13:08,413:INFO:8_______TEST (USER) BEGAN_______8:
2024-07-21 12:13:08,414:INFO:Sending get request to the server.:
2024-07-21 12:13:09,157:INFO:Response has been received.:
2024-07-21 12:13:09,158:INFO:8_______TEST (USER) COMPLETED_______8
:
2024-07-21 12:14:00,721:INFO:10_______TEST (USER) BEGAN_______10:
2024-07-21 12:14:00,721:INFO:Sending post request.:
2024-07-21 12:14:01,425:INFO:Post request has been sent.:
2024-07-21 12:14:01,425:INFO:Sending get request to the server.:
2024-07-21 12:14:02,185:INFO:Response has been received.:
2024-07-21 12:14:22,616:INFO:8_______TEST (USER) BEGAN_______8:
2024-07-21 12:14:22,616:INFO:Sending get request to the server.:
2024-07-21 12:14:23,209:INFO:Response has been received.:
2024-07-21 12:14:43,309:INFO:8_______TEST (USER) BEGAN_______8:
2024-07-21 12:14:43,309:INFO:Sending get request to the server.:
2024-07-21 12:14:43,933:INFO:Response has been received.:
2024-07-21 12:14:43,933:INFO:8_______TEST (USER) COMPLETED_______8
:
2024-07-21 12:15:34,422:INFO:2_______TEST (PET) BEGAN_______2:
2024-07-21 12:15:34,423:INFO:Sending post request.:
2024-07-21 12:15:35,283:INFO:Post request has been sent.:
2024-07-21 12:15:35,283:INFO:Sending get request to the server.:
2024-07-21 12:15:36,099:INFO:Response has been received.:
2024-07-21 12:15:36,100:INFO:2_______TEST (PET) COMPLETED_______2
:
2024-07-21 12:27:30,217:INFO:4_______TEST (STORE) BEGAN_______4:
2024-07-21 12:27:30,217:INFO:Sending get request to the server.:
2024-07-21 12:27:31,237:INFO:Response has been received.:
2024-07-21 12:27:31,238:INFO:4_______TEST (STORE) COMPLETED_______4
:
2024-07-21 12:35:48,503:INFO:5_______TEST (STORE) BEGAN_______5:
2024-07-21 12:35:48,504:INFO:Sending post request.:
2024-07-21 12:35:49,441:INFO:Post request has been sent.:
2024-07-21 12:35:49,441:INFO:Sending get request to the server.:
2024-07-21 12:35:50,157:ERROR:Get response has not been received.:
2024-07-21 12:37:33,553:INFO:5_______TEST (STORE) BEGAN_______5:
2024-07-21 12:37:33,554:INFO:Sending post request.:
2024-07-21 12:37:34,413:INFO:Post request has been sent.:
2024-07-21 12:37:34,413:INFO:Sending get request to the server.:
2024-07-21 12:37:35,185:ERROR:Get response has not been received.:
2024-07-21 12:39:47,924:INFO:10_______TEST (USER) BEGAN_______10:
2024-07-21 12:39:47,925:INFO:Sending post request.:
2024-07-21 12:39:48,863:INFO:Post request has been sent.:
2024-07-21 12:39:48,863:INFO:Sending get request to the server.:
2024-07-21 12:39:49,583:INFO:Response has been received.:
2024-07-21 12:42:11,034:INFO:5_______TEST (STORE) BEGAN_______5:
2024-07-21 12:42:11,036:INFO:Sending post request.:
2024-07-21 12:42:12,633:INFO:Post request has been sent.:
2024-07-21 12:42:12,633:INFO:Sending get request to the server.:
2024-07-21 12:42:13,242:ERROR:Get response has not been received.:
2024-07-21 12:42:41,831:INFO:5_______TEST (STORE) BEGAN_______5:
2024-07-21 12:42:41,832:INFO:Sending post request.:
2024-07-21 12:42:42,630:INFO:Post request has been sent.:
2024-07-21 12:42:42,630:INFO:Sending get request to the server.:
2024-07-21 12:42:43,399:ERROR:Get response has not been received.:
2024-07-21 12:43:26,732:INFO:5_______TEST (STORE) BEGAN_______5:
2024-07-21 12:43:26,733:INFO:Sending post request.:
2024-07-21 12:43:27,481:INFO:Post request has been sent.:
2024-07-21 12:43:27,481:INFO:Sending get request to the server.:
2024-07-21 12:43:28,205:ERROR:Get response has not been received.:
2024-07-21 12:45:02,423:INFO:5_______TEST (STORE) BEGAN_______5:
2024-07-21 12:45:02,425:INFO:Sending post request.:
2024-07-21 12:45:03,194:INFO:Post request has been sent.:
2024-07-21 12:45:03,195:INFO:Sending get request to the server.:
2024-07-21 12:45:03,900:INFO:Get response has been received.:
2024-07-21 12:45:18,200:INFO:5_______TEST (STORE) BEGAN_______5:
2024-07-21 12:45:18,200:INFO:Sending post request.:
2024-07-21 12:45:18,902:INFO:Post request has been sent.:
2024-07-21 12:45:18,902:INFO:Sending get request to the server.:
2024-07-21 12:45:19,506:ERROR:Get response has not been received.:
2024-07-21 13:02:53,667:INFO:5_______TEST (STORE) BEGAN_______5:
2024-07-21 13:02:53,670:INFO:Sending post request.:
2024-07-21 13:02:55,266:INFO:Post request has been sent.:
2024-07-21 13:02:55,266:INFO:Sending get request to the server.:
2024-07-21 13:02:55,895:ERROR:Get response has not been received.:
2024-07-21 13:02:55,896:INFO:5_______TEST (STORE) COMPLETED_______5
:
2024-07-21 13:04:08,799:INFO:5_______TEST (STORE) BEGAN_______5:
2024-07-21 13:04:08,800:INFO:Sending post request.:
2024-07-21 13:04:12,582:INFO:Post request has been sent.:
2024-07-21 13:04:12,583:INFO:Sending get request to the server.:
2024-07-21 13:04:13,309:ERROR:Get response has not been received.:
2024-07-21 13:05:05,520:INFO:5_______TEST (STORE) BEGAN_______5:
2024-07-21 13:05:05,521:INFO:Sending post request.:
2024-07-21 13:05:06,211:INFO:Post request has been sent.:
2024-07-21 13:05:06,211:INFO:Sending get request to the server.:
2024-07-21 13:05:06,822:ERROR:Get response has not been received.:
2024-07-21 13:07:11,153:INFO:5_______TEST (STORE) BEGAN_______5:
2024-07-21 13:07:11,154:INFO:Sending post request.:
2024-07-21 13:07:11,909:INFO:Post request has been sent.:
2024-07-21 13:07:11,909:INFO:Sending get request to the server.:
2024-07-21 13:07:12,509:ERROR:Get response has not been received.:
2024-07-21 13:07:46,938:INFO:5_______TEST (STORE) BEGAN_______5:
2024-07-21 13:07:46,938:INFO:Sending post request.:
2024-07-21 13:07:47,556:INFO:Post request has been sent.:
2024-07-21 13:08:07,901:INFO:Sending get request to the server.:
2024-07-21 13:08:08,594:ERROR:Get response has not been received.:
2024-07-21 13:08:59,111:INFO:5_______TEST (STORE) BEGAN_______5:
2024-07-21 13:08:59,112:INFO:Sending post request.:
2024-07-21 13:08:59,832:INFO:Post request has been sent.:
2024-07-21 13:09:06,717:INFO:Sending get request to the server.:
2024-07-21 13:09:17,942:INFO:Get response has been received.:
2024-07-21 13:10:42,171:INFO:5_______TEST (STORE) BEGAN_______5:
2024-07-21 13:12:01,747:INFO:5_______TEST (STORE) BEGAN_______5:
2024-07-21 13:12:01,747:INFO:Sending post request.:
2024-07-21 13:12:02,607:INFO:Post request has been sent.:
2024-07-21 13:12:02,607:INFO:Sending get request to the server.:
2024-07-21 13:12:03,213:INFO:Get response has been received.:
2024-07-21 13:12:03,213:INFO:5_______TEST (STORE) COMPLETED_______5
:
2024-07-21 13:13:21,568:INFO:5_______TEST (STORE) BEGAN_______5:
2024-07-21 13:13:21,569:INFO:Sending post request.:
2024-07-21 13:13:22,429:INFO:Post request has been sent.:
2024-07-21 13:13:22,430:INFO:Sending get request to the server.:
2024-07-21 13:13:23,028:INFO:Get response has been received.:
2024-07-21 13:21:17,130:INFO:5_______TEST (STORE) BEGAN_______5:
2024-07-21 13:21:17,131:INFO:Sending post request.:
2024-07-21 13:21:18,133:INFO:Post request has been sent.:
2024-07-21 13:21:18,133:INFO:5_______TEST (STORE) COMPLETED_______5
:
2024-07-21 13:24:28,018:INFO:Sending post request.:
2024-07-21 13:24:29,055:INFO:Post request has been sent.:
2024-07-21 13:24:29,056:INFO:5_______TEST (STORE) BEGAN_______5:
2024-07-21 13:24:29,056:INFO:5_______TEST (STORE) COMPLETED_______5
:
2024-07-21 13:24:43,810:INFO:Sending post request.:
2024-07-21 13:24:44,438:INFO:Post request has been sent.:
2024-07-21 13:24:44,439:INFO:4_______TEST (STORE) BEGAN_______4:
2024-07-21 13:24:44,439:INFO:Sending get request to the server.:
2024-07-21 13:24:45,048:INFO:Response has been received.:
2024-07-21 13:24:45,049:INFO:4_______TEST (STORE) COMPLETED_______4
:
2024-07-21 13:31:07,333:INFO:Sending post request.:
2024-07-21 13:31:08,147:INFO:Post request has been sent.:
2024-07-21 13:31:08,148:INFO:5_______TEST (STORE) BEGAN_______5:
2024-07-21 13:31:08,148:INFO:5_______TEST (STORE) COMPLETED_______5
:
2024-07-21 13:31:12,218:INFO:Sending post request.:
2024-07-21 13:31:12,975:INFO:Post request has been sent.:
2024-07-21 13:31:12,975:INFO:6_______TEST (STORE) BEGAN_______6:
2024-07-21 13:31:12,975:INFO:Sending get request to the server.:
2024-07-21 13:31:13,741:INFO:Get response has been received.:
2024-07-21 13:31:13,741:INFO:6_______TEST (STORE) COMPLETED_______6
:
2024-07-21 13:36:02,394:INFO:Sending post request.:
2024-07-21 13:36:03,013:INFO:Post request has been sent.:
2024-07-21 13:36:03,013:INFO:10_______TEST (USER) BEGAN_______10:
2024-07-21 13:41:30,157:INFO:Sending post request.:
2024-07-21 13:41:30,781:INFO:Post request has been sent.:
2024-07-21 13:41:30,781:INFO:10_______TEST (USER) BEGAN_______10:
2024-07-21 13:48:06,383:INFO:Sending post request.:
2024-07-21 13:48:07,014:INFO:Post request has been sent.:
2024-07-21 13:48:07,014:INFO:10_______TEST (USER) BEGAN_______10:
2024-07-21 13:49:11,840:INFO:Sending post request.:
2024-07-21 13:49:12,705:INFO:Post request has been sent.:
2024-07-21 13:49:12,705:INFO:10_______TEST (USER) BEGAN_______10:
2024-07-21 13:54:47,611:INFO:Sending post request.:
2024-07-21 13:54:50,109:INFO:Post request has been sent.:
2024-07-21 13:54:50,111:INFO:10_______TEST (USER) BEGAN_______10:
2024-07-21 13:54:50,111:INFO:Sending get request to the server.:
2024-07-21 13:54:50,716:INFO:Response has been received.:
2024-07-21 13:55:11,505:INFO:Sending post request.:
2024-07-21 13:55:12,128:INFO:Post request has been sent.:
2024-07-21 13:55:12,128:INFO:10_______TEST (USER) BEGAN_______10:
2024-07-21 13:55:12,128:INFO:Sending get request to the server.:
2024-07-21 13:55:12,714:INFO:Response has been received.:
2024-07-21 13:55:28,782:INFO:Sending post request.:
2024-07-21 13:55:29,373:INFO:Post request has been sent.:
2024-07-21 13:55:29,373:INFO:10_______TEST (USER) BEGAN_______10:
2024-07-21 13:55:29,373:INFO:Sending get request to the server.:
2024-07-21 13:55:29,987:INFO:Response has been received.:
2024-07-21 13:55:36,637:INFO:Sending post request.:
2024-07-21 13:55:37,231:INFO:Post request has been sent.:
2024-07-21 13:55:37,231:INFO:10_______TEST (USER) BEGAN_______10:
2024-07-21 13:55:37,231:INFO:Sending get request to the server.:
2024-07-21 13:55:37,823:INFO:Response has been received.:
2024-07-21 13:55:47,845:INFO:Sending post request.:
2024-07-21 13:55:48,462:INFO:Post request has been sent.:
2024-07-21 13:55:48,462:INFO:10_______TEST (USER) BEGAN_______10:
2024-07-21 13:55:48,462:INFO:Sending get request to the server.:
2024-07-21 13:55:49,065:INFO:Response has been received.:
2024-07-21 13:56:14,265:INFO:Sending post request.:
2024-07-21 13:56:15,002:INFO:Post request has been sent.:
2024-07-21 13:56:15,002:INFO:10_______TEST (USER) BEGAN_______10:
2024-07-21 13:56:15,002:INFO:Sending get request to the server.:
2024-07-21 13:56:15,623:INFO:Response has been received.:
2024-07-21 13:56:21,642:INFO:Sending post request.:
2024-07-21 13:56:22,259:INFO:Post request has been sent.:
2024-07-21 13:56:22,259:INFO:10_______TEST (USER) BEGAN_______10:
2024-07-21 13:56:22,259:INFO:Sending get request to the server.:
2024-07-21 13:56:22,860:INFO:Response has been received.:
2024-07-21 13:56:31,137:INFO:Sending post request.:
2024-07-21 13:56:31,777:INFO:Post request has been sent.:
2024-07-21 13:56:31,777:INFO:10_______TEST (USER) BEGAN_______10:
2024-07-21 13:56:31,777:INFO:Sending get request to the server.:
2024-07-21 13:56:32,379:INFO:Response has been received.:
2024-07-21 13:56:39,309:INFO:Sending post request.:
2024-07-21 13:56:39,954:INFO:Post request has been sent.:
2024-07-21 13:56:39,955:INFO:10_______TEST (USER) BEGAN_______10:
2024-07-21 13:56:39,955:INFO:Sending get request to the server.:
2024-07-21 13:56:40,575:INFO:Response has been received.:
2024-07-21 13:56:46,025:INFO:Sending post request.:
2024-07-21 13:56:46,620:INFO:Post request has been sent.:
2024-07-21 13:56:46,620:INFO:10_______TEST (USER) BEGAN_______10:
2024-07-21 13:56:46,621:INFO:Sending get request to the server.:
2024-07-21 13:56:47,213:INFO:Response has been received.:
2024-07-21 14:18:10,752:INFO:3_______TEST (PET) BEGAN_______3:
2024-07-21 14:18:10,753:INFO:Sending post request.:
2024-07-21 14:18:12,510:INFO:Post request has been sent.:
2024-07-21 14:18:13,119:ERROR:Delete request has not been sent.:
2024-07-21 14:33:50,882:INFO:3_______TEST (PET) BEGAN_______3:
2024-07-21 14:34:37,310:INFO:3_______TEST (PET) BEGAN_______3:
2024-07-21 14:34:37,310:INFO:Sending post request.:
2024-07-21 14:34:39,051:INFO:Post request has been sent.:
2024-07-21 14:34:39,663:INFO:Delete request has been sent.:
2024-07-21 14:34:39,664:INFO:Delete request completed successfully.:
2024-07-21 14:38:17,342:INFO:3_______TEST (PET) BEGAN_______3:
2024-07-21 14:38:17,342:INFO:Sending post request.:
2024-07-21 14:38:18,201:INFO:Post request has been sent.:
2024-07-21 14:38:18,798:INFO:Delete request has been sent.:
2024-07-21 14:38:18,798:INFO:Delete request completed successfully.:
2024-07-21 14:38:49,193:INFO:3_______TEST (PET) BEGAN_______3:
2024-07-21 14:38:49,193:INFO:Sending post request.:
2024-07-21 14:38:49,807:INFO:Post request has been sent.:
2024-07-21 14:38:50,411:INFO:Delete request has been sent.:
2024-07-21 14:38:50,411:INFO:Delete request completed successfully.:
2024-07-21 14:38:50,412:INFO:3_______TEST (PET) COMPLETED_______3
:
2024-07-21 14:40:40,950:INFO:2_______TEST (PET) BEGAN_______2:
2024-07-21 14:40:40,950:INFO:Sending post request.:
2024-07-21 14:40:42,630:INFO:Post request has been sent.:
2024-07-21 14:40:42,631:INFO:Sending get request to the server.:
2024-07-21 14:40:43,222:INFO:Response has been received.:
2024-07-21 14:40:43,222:INFO:2_______TEST (PET) COMPLETED_______2
:
2024-07-21 14:41:04,301:INFO:3_______TEST (PET) BEGAN_______3:
2024-07-21 14:41:04,301:INFO:Sending post request.:
2024-07-21 14:41:04,919:INFO:Post request has been sent.:
2024-07-21 14:41:05,498:INFO:Delete request has been sent.:
2024-07-21 14:41:05,498:INFO:Delete request completed successfully.:
2024-07-21 14:41:05,499:INFO:3_______TEST (PET) COMPLETED_______3
:
2024-07-21 14:50:05,591:INFO:1_______TEST (PET]) BEGAN_______1:
2024-07-21 14:50:05,591:INFO:Sending get request to the server.:
2024-07-21 14:50:06,638:INFO:Response has been received.:
2024-07-21 14:50:06,638:INFO:1_______TEST (PET) COMPLETED_______1
:
2024-07-21 15:06:21,018:INFO:3_______TEST (PET) BEGAN_______3:
2024-07-21 15:08:34,499:INFO:3_______TEST (PET) BEGAN_______3:
2024-07-21 15:08:34,499:INFO:Sending post request.:
2024-07-21 15:08:35,235:INFO:Post request has been sent.:
2024-07-21 15:08:35,824:INFO:Delete request has been sent.:
2024-07-21 15:08:35,825:INFO:Delete request completed successfully.:
2024-07-21 15:08:35,825:INFO:3_______TEST (PET) COMPLETED_______3
:
2024-07-21 15:10:28,155:INFO:3_______TEST (PET) BEGAN_______3:
2024-07-21 15:10:28,155:INFO:Sending post request.:
2024-07-21 15:10:28,874:INFO:Post request has been sent.:
2024-07-21 15:10:29,471:INFO:Delete request has been sent.:
2024-07-21 15:10:29,472:INFO:3_______TEST (PET) COMPLETED_______3
:
2024-07-21 15:35:20,703:INFO:Sending post request.:
2024-07-21 15:35:22,209:INFO:Post request has been sent.:
2024-07-21 15:35:22,209:INFO:7_______TEST (USER) BEGAN_______7:
2024-07-21 15:35:22,210:INFO:Sending get request to the server.:
2024-07-21 15:35:22,830:INFO:Response has been received.:
2024-07-21 15:35:22,830:INFO:7_______TEST (USER) COMPLETED_______7
:
2024-07-21 15:38:44,656:INFO:Sending post request.:
2024-07-21 15:38:46,904:INFO:Post request has been sent.:
2024-07-21 15:38:46,904:INFO:7_______TEST (USER) BEGAN_______7:
2024-07-21 15:38:46,904:INFO:Sending get request to the server.:
2024-07-21 15:38:47,514:INFO:Response has been received.:
2024-07-21 15:38:47,514:INFO:7_______TEST (USER) COMPLETED_______7
:
2024-07-21 16:21:10,724:INFO:Sending post request.:
2024-07-21 16:21:12,515:INFO:Post request has been sent.:
2024-07-21 16:21:12,516:INFO:10_______TEST (USER) BEGAN_______10:
2024-07-21 16:21:12,516:INFO:Sending get request to the server.:
2024-07-21 16:21:13,334:INFO:Response has been received.:
2024-07-21 16:21:13,335:INFO:10_______TEST (USER) COMPLETED_______10
:
2024-07-21 16:21:33,338:INFO:2_______TEST (PET) BEGAN_______2:
2024-07-21 16:21:33,338:INFO:Sending post request.:
2024-07-21 16:21:34,124:INFO:Post request has been sent.:
2024-07-21 16:21:34,124:INFO:Sending get request to the server.:
2024-07-21 16:21:34,941:INFO:Response has been received.:
2024-07-21 16:21:34,942:INFO:2_______TEST (PET) COMPLETED_______2
:
2024-07-21 16:21:34,944:INFO:3_______TEST (PET) BEGAN_______3:
2024-07-21 16:21:34,944:INFO:Sending post request.:
2024-07-21 16:21:35,661:INFO:Post request has been sent.:
2024-07-21 16:21:36,477:INFO:Delete request has been sent.:
2024-07-21 16:21:36,477:INFO:3_______TEST (PET) COMPLETED_______3
:
2024-07-21 16:21:36,478:INFO:1_______TEST (PET]) BEGAN_______1:
2024-07-21 16:21:36,479:INFO:Sending get request to the server.:
2024-07-21 16:21:37,706:INFO:Response has been received.:
2024-07-21 16:21:37,711:INFO:1_______TEST (PET) COMPLETED_______1
:
2024-07-21 16:21:42,711:INFO:Sending post request.:
2024-07-21 16:21:43,545:INFO:Post request has been sent.:
2024-07-21 16:21:43,545:INFO:9_______TEST (USER) BEGAN_______9:
2024-07-21 16:21:43,545:INFO:9_______TEST (USER) COMPLETED_______9
:
2024-07-21 16:21:43,547:INFO:Sending post request.:
2024-07-21 16:21:44,258:INFO:Post request has been sent.:
2024-07-21 16:21:44,259:INFO:10_______TEST (USER) BEGAN_______10:
2024-07-21 16:21:44,259:INFO:Sending get request to the server.:
2024-07-21 16:21:45,025:INFO:Response has been received.:
2024-07-21 16:21:45,025:INFO:10_______TEST (USER) COMPLETED_______10
:
2024-07-21 16:21:45,027:INFO:Sending post request.:
2024-07-21 16:21:45,688:INFO:Post request has been sent.:
2024-07-21 16:21:45,688:INFO:7_______TEST (USER) BEGAN_______7:
2024-07-21 16:21:45,689:INFO:Sending get request to the server.:
2024-07-21 16:21:46,512:INFO:Response has been received.:
2024-07-21 16:21:46,512:INFO:7_______TEST (USER) COMPLETED_______7
:
2024-07-21 16:21:46,514:INFO:Sending post request.:
2024-07-21 16:21:47,234:INFO:Post request has been sent.:
2024-07-21 16:21:47,234:INFO:8_______TEST (USER) BEGAN_______8:
2024-07-21 16:21:47,234:INFO:Sending get request to the server.:
2024-07-21 16:21:47,945:INFO:Response has been received.:
2024-07-21 16:21:47,946:INFO:8_______TEST (USER) COMPLETED_______8
:
2024-07-21 16:21:55,074:INFO:Sending post request.:
2024-07-21 16:21:55,937:INFO:Post request has been sent.:
2024-07-21 16:21:55,960:INFO:4_______TEST (STORE) BEGAN_______4:
2024-07-21 16:21:55,961:INFO:Sending get request to the server.:
2024-07-21 16:21:56,656:INFO:Response has been received.:
2024-07-21 16:21:56,685:INFO:Sending post request.:
2024-07-21 16:21:57,314:INFO:Post request has been sent.:
2024-07-21 16:21:57,320:INFO:5_______TEST (STORE) BEGAN_______5:
2024-07-21 16:21:57,320:INFO:5_______TEST (STORE) COMPLETED_______5
:
2024-07-21 16:21:57,322:INFO:Sending post request.:
2024-07-21 16:21:58,186:INFO:Post request has been sent.:
2024-07-21 16:21:58,186:INFO:6_______TEST (STORE) BEGAN_______6:
2024-07-21 16:21:58,186:INFO:Sending get request to the server.:
2024-07-21 16:21:59,005:INFO:Get response has been received.:
2024-07-21 16:21:59,005:INFO:6_______TEST (STORE) COMPLETED_______6
:
2024-07-21 16:23:33,134:INFO:Sending post request.:
2024-07-21 16:23:34,137:INFO:Post request has been sent.:
2024-07-21 16:23:34,137:INFO:4_______TEST (STORE) BEGAN_______4:
2024-07-21 16:23:34,137:INFO:Sending get request to the server.:
2024-07-21 16:23:34,955:INFO:Response has been received.:
2024-07-21 16:23:34,955:INFO:4_______TEST (STORE) COMPLETED_______4
:
2024-07-21 16:23:34,957:INFO:Sending post request.:
2024-07-21 16:23:35,608:INFO:Post request has been sent.:
2024-07-21 16:23:35,630:INFO:5_______TEST (STORE) BEGAN_______5:
2024-07-21 16:23:35,630:INFO:5_______TEST (STORE) COMPLETED_______5
:
2024-07-21 16:23:35,632:INFO:Sending post request.:
2024-07-21 16:23:36,392:INFO:Post request has been sent.:
2024-07-21 16:23:36,392:INFO:6_______TEST (STORE) BEGAN_______6:
2024-07-21 16:23:36,392:INFO:Sending get request to the server.:
2024-07-21 16:23:37,158:INFO:Get response has been received.:
2024-07-21 16:23:37,158:INFO:6_______TEST (STORE) COMPLETED_______6
:
2024-07-21 16:24:20,144:INFO:Sending post request.:
2024-07-21 16:24:20,933:INFO:Post request has been sent.:
2024-07-21 16:24:20,933:INFO:9_______TEST (USER) BEGAN_______9:
2024-07-21 16:24:20,933:INFO:9_______TEST (USER) COMPLETED_______9
:
2024-07-21 16:24:20,935:INFO:Sending post request.:
2024-07-21 16:24:21,751:INFO:Post request has been sent.:
2024-07-21 16:24:21,751:INFO:10_______TEST (USER) BEGAN_______10:
2024-07-21 16:24:21,753:INFO:Sending get request to the server.:
2024-07-21 16:24:22,516:INFO:Response has been received.:
2024-07-21 16:24:22,516:INFO:10_______TEST (USER) COMPLETED_______10
:
2024-07-21 16:24:22,517:INFO:Sending post request.:
2024-07-21 16:24:23,288:INFO:Post request has been sent.:
2024-07-21 16:24:23,289:INFO:7_______TEST (USER) BEGAN_______7:
2024-07-21 16:24:23,289:INFO:Sending get request to the server.:
2024-07-21 16:24:24,109:INFO:Response has been received.:
2024-07-21 16:24:24,109:INFO:7_______TEST (USER) COMPLETED_______7
:
2024-07-21 16:24:24,111:INFO:Sending post request.:
2024-07-21 16:24:24,926:INFO:Post request has been sent.:
2024-07-21 16:24:24,926:INFO:8_______TEST (USER) BEGAN_______8:
2024-07-21 16:24:24,926:INFO:Sending get request to the server.:
2024-07-21 16:24:25,746:INFO:Response has been received.:
2024-07-21 16:24:25,746:INFO:8_______TEST (USER) COMPLETED_______8
:
