2024-08-02 23:20:49,925:WARNING:The chromedriver version (126.0.6478.126) detected in PATH at C:\Users\Admin\Desktop\chromedriver-win64\chromedriver.exe might not be compatible with the detected chrome version (127.0.6533.89); currently, chromedriver 127.0.6533.88 is recommended for chrome 127.*, so it is advised to delete the driver in PATH and retry:
2024-08-02 23:20:56,567:INFO:Sending a put request to change employee full name.:
2024-08-02 23:20:58,350:INFO:Sending a put request to retrieve employee full name.:
2024-08-04 08:59:22,805:WARNING:The chromedriver version (126.0.6478.126) detected in PATH at C:\Users\Admin\Desktop\chromedriver-win64\chromedriver.exe might not be compatible with the detected chrome version (127.0.6533.89); currently, chromedriver 127.0.6533.88 is recommended for chrome 127.*, so it is advised to delete the driver in PATH and retry:
2024-08-04 08:59:29,414:INFO:Sending a put request to change employee full name.:
2024-08-04 08:59:30,905:INFO:Sending a put request to retrieve employee full name.:
2024-08-04 08:59:49,816:WARNING:The chromedriver version (126.0.6478.126) detected in PATH at C:\Users\Admin\Desktop\chromedriver-win64\chromedriver.exe might not be compatible with the detected chrome version (127.0.6533.89); currently, chromedriver 127.0.6533.88 is recommended for chrome 127.*, so it is advised to delete the driver in PATH and retry:
2024-08-04 08:59:55,946:INFO:Sending a put request to change employee full name.:
2024-08-04 08:59:57,386:INFO:Sending a put request to retrieve employee full name.:
2024-08-04 09:00:47,871:WARNING:The chromedriver version (126.0.6478.126) detected in PATH at C:\Users\Admin\Desktop\chromedriver-win64\chromedriver.exe might not be compatible with the detected chrome version (127.0.6533.89); currently, chromedriver 127.0.6533.88 is recommended for chrome 127.*, so it is advised to delete the driver in PATH and retry:
2024-08-04 09:01:54,240:INFO:Sending a put request to change employee full name.:
2024-08-04 09:10:31,219:WARNING:The chromedriver version (126.0.6478.126) detected in PATH at C:\Users\Admin\Desktop\chromedriver-win64\chromedriver.exe might not be compatible with the detected chrome version (127.0.6533.89); currently, chromedriver 127.0.6533.88 is recommended for chrome 127.*, so it is advised to delete the driver in PATH and retry:
2024-08-04 09:10:37,227:INFO:Sending a put request to change employee full name.:
2024-08-04 09:10:38,670:INFO:Sending a put request to retrieve employee full name.:
2024-08-04 09:11:11,426:WARNING:The chromedriver version (126.0.6478.126) detected in PATH at C:\Users\Admin\Desktop\chromedriver-win64\chromedriver.exe might not be compatible with the detected chrome version (127.0.6533.89); currently, chromedriver 127.0.6533.88 is recommended for chrome 127.*, so it is advised to delete the driver in PATH and retry:
2024-08-04 09:11:18,121:INFO:Sending a put request to change employee full name.:
2024-08-04 09:11:19,024:INFO:Sending a put request to retrieve employee full name.:
2024-08-04 09:14:55,439:WARNING:The chromedriver version (126.0.6478.126) detected in PATH at C:\Users\Admin\Desktop\chromedriver-win64\chromedriver.exe might not be compatible with the detected chrome version (127.0.6533.89); currently, chromedriver 127.0.6533.88 is recommended for chrome 127.*, so it is advised to delete the driver in PATH and retry:
2024-08-04 09:15:03,514:INFO:Sending a put request to change employee full name.:
2024-08-04 09:15:05,913:INFO:Sending a put request to retrieve employee full name.:
2024-08-04 09:15:43,496:WARNING:The chromedriver version (126.0.6478.126) detected in PATH at C:\Users\Admin\Desktop\chromedriver-win64\chromedriver.exe might not be compatible with the detected chrome version (127.0.6533.89); currently, chromedriver 127.0.6533.88 is recommended for chrome 127.*, so it is advised to delete the driver in PATH and retry:
2024-08-04 09:15:49,493:INFO:Sending a put request to change employee full name.:
2024-08-04 09:15:50,694:INFO:Sending a put request to retrieve employee full name.:
2024-08-04 09:22:08,809:WARNING:The chromedriver version (126.0.6478.126) detected in PATH at C:\Users\Admin\Desktop\chromedriver-win64\chromedriver.exe might not be compatible with the detected chrome version (127.0.6533.89); currently, chromedriver 127.0.6533.88 is recommended for chrome 127.*, so it is advised to delete the driver in PATH and retry:
2024-08-04 09:22:15,280:INFO:Sending a put request to change employee full name.:
2024-08-04 09:22:16,557:INFO:Sending a put request to retrieve employee full name.:
2024-08-04 09:40:47,948:WARNING:The chromedriver version (126.0.6478.126) detected in PATH at C:\Users\Admin\Desktop\chromedriver-win64\chromedriver.exe might not be compatible with the detected chrome version (127.0.6533.89); currently, chromedriver 127.0.6533.88 is recommended for chrome 127.*, so it is advised to delete the driver in PATH and retry:
2024-08-04 09:41:14,507:WARNING:The chromedriver version (126.0.6478.126) detected in PATH at C:\Users\Admin\Desktop\chromedriver-win64\chromedriver.exe might not be compatible with the detected chrome version (127.0.6533.89); currently, chromedriver 127.0.6533.88 is recommended for chrome 127.*, so it is advised to delete the driver in PATH and retry:
2024-08-04 09:41:20,023:INFO:Sending a put request to change employee full name.:
2024-08-04 09:41:21,192:INFO:Sending a put request to retrieve employee full name.:
2024-08-04 09:42:30,991:WARNING:The chromedriver version (126.0.6478.126) detected in PATH at C:\Users\Admin\Desktop\chromedriver-win64\chromedriver.exe might not be compatible with the detected chrome version (127.0.6533.89); currently, chromedriver 127.0.6533.88 is recommended for chrome 127.*, so it is advised to delete the driver in PATH and retry:
2024-08-04 09:43:01,181:WARNING:The chromedriver version (126.0.6478.126) detected in PATH at C:\Users\Admin\Desktop\chromedriver-win64\chromedriver.exe might not be compatible with the detected chrome version (127.0.6533.89); currently, chromedriver 127.0.6533.88 is recommended for chrome 127.*, so it is advised to delete the driver in PATH and retry:
2024-08-04 09:43:07,454:INFO:Sending a put request to change employee full name.:
2024-08-04 09:43:08,420:INFO:Sending a put request to retrieve employee full name.:
2024-08-04 10:02:21,637:WARNING:The chromedriver version (126.0.6478.126) detected in PATH at C:\Users\Admin\Desktop\chromedriver-win64\chromedriver.exe might not be compatible with the detected chrome version (127.0.6533.89); currently, chromedriver 127.0.6533.88 is recommended for chrome 127.*, so it is advised to delete the driver in PATH and retry:
2024-08-04 10:02:27,536:INFO:Sending a put request to change employee full name.:
2024-08-04 10:02:53,742:WARNING:The chromedriver version (126.0.6478.126) detected in PATH at C:\Users\Admin\Desktop\chromedriver-win64\chromedriver.exe might not be compatible with the detected chrome version (127.0.6533.89); currently, chromedriver 127.0.6533.88 is recommended for chrome 127.*, so it is advised to delete the driver in PATH and retry:
2024-08-04 10:04:30,149:WARNING:The chromedriver version (126.0.6478.126) detected in PATH at C:\Users\Admin\Desktop\chromedriver-win64\chromedriver.exe might not be compatible with the detected chrome version (127.0.6533.89); currently, chromedriver 127.0.6533.88 is recommended for chrome 127.*, so it is advised to delete the driver in PATH and retry:
2024-08-04 10:04:35,685:INFO:Sending a put request to change employee full name.:
2024-08-04 10:09:48,490:WARNING:The chromedriver version (126.0.6478.126) detected in PATH at C:\Users\Admin\Desktop\chromedriver-win64\chromedriver.exe might not be compatible with the detected chrome version (127.0.6533.89); currently, chromedriver 127.0.6533.88 is recommended for chrome 127.*, so it is advised to delete the driver in PATH and retry:
2024-08-04 10:15:04,912:WARNING:The chromedriver version (126.0.6478.126) detected in PATH at C:\Users\Admin\Desktop\chromedriver-win64\chromedriver.exe might not be compatible with the detected chrome version (127.0.6533.89); currently, chromedriver 127.0.6533.88 is recommended for chrome 127.*, so it is advised to delete the driver in PATH and retry:
2024-08-04 10:15:13,182:INFO:Sending a put request to change employee full name.:
2024-08-04 10:16:45,787:WARNING:The chromedriver version (126.0.6478.126) detected in PATH at C:\Users\Admin\Desktop\chromedriver-win64\chromedriver.exe might not be compatible with the detected chrome version (127.0.6533.89); currently, chromedriver 127.0.6533.88 is recommended for chrome 127.*, so it is advised to delete the driver in PATH and retry:
2024-08-04 10:16:51,290:INFO:Sending a put request to change employee full name.:
2024-08-04 10:36:43,221:WARNING:The chromedriver version (126.0.6478.126) detected in PATH at C:\Users\Admin\Desktop\chromedriver-win64\chromedriver.exe might not be compatible with the detected chrome version (127.0.6533.89); currently, chromedriver 127.0.6533.88 is recommended for chrome 127.*, so it is advised to delete the driver in PATH and retry:
2024-08-04 10:37:50,047:WARNING:The chromedriver version (126.0.6478.126) detected in PATH at C:\Users\Admin\Desktop\chromedriver-win64\chromedriver.exe might not be compatible with the detected chrome version (127.0.6533.89); currently, chromedriver 127.0.6533.88 is recommended for chrome 127.*, so it is advised to delete the driver in PATH and retry:
2024-08-04 10:39:37,651:WARNING:The chromedriver version (126.0.6478.126) detected in PATH at C:\Users\Admin\Desktop\chromedriver-win64\chromedriver.exe might not be compatible with the detected chrome version (127.0.6533.89); currently, chromedriver 127.0.6533.88 is recommended for chrome 127.*, so it is advised to delete the driver in PATH and retry:
2024-08-04 10:42:47,676:WARNING:The chromedriver version (126.0.6478.126) detected in PATH at C:\Users\Admin\Desktop\chromedriver-win64\chromedriver.exe might not be compatible with the detected chrome version (127.0.6533.89); currently, chromedriver 127.0.6533.88 is recommended for chrome 127.*, so it is advised to delete the driver in PATH and retry:
2024-08-04 10:42:51,711:ERROR:Put request has not been sent.: Invalid leading whitespace, reserved character(s), or return character(s) in header name: 'cookie:':
2024-08-04 10:43:20,052:WARNING:The chromedriver version (126.0.6478.126) detected in PATH at C:\Users\Admin\Desktop\chromedriver-win64\chromedriver.exe might not be compatible with the detected chrome version (127.0.6533.89); currently, chromedriver 127.0.6533.88 is recommended for chrome 127.*, so it is advised to delete the driver in PATH and retry:
2024-08-04 10:53:57,345:WARNING:The chromedriver version (126.0.6478.126) detected in PATH at C:\Users\Admin\Desktop\chromedriver-win64\chromedriver.exe might not be compatible with the detected chrome version (127.0.6533.89); currently, chromedriver 127.0.6533.88 is recommended for chrome 127.*, so it is advised to delete the driver in PATH and retry:
2024-08-04 10:54:04,662:ERROR:Put request has not been sent.: Invalid leading whitespace, reserved character(s), or return character(s) in header name: 'cookie:':
2024-08-04 10:56:42,905:WARNING:The chromedriver version (126.0.6478.126) detected in PATH at C:\Users\Admin\Desktop\chromedriver-win64\chromedriver.exe might not be compatible with the detected chrome version (127.0.6533.89); currently, chromedriver 127.0.6533.88 is recommended for chrome 127.*, so it is advised to delete the driver in PATH and retry:
2024-08-04 10:57:33,131:ERROR:Put request has not been sent.: Invalid leading whitespace, reserved character(s), or return character(s) in header name: 'cookie:':
2024-08-04 10:59:36,858:WARNING:The chromedriver version (126.0.6478.126) detected in PATH at C:\Users\Admin\Desktop\chromedriver-win64\chromedriver.exe might not be compatible with the detected chrome version (127.0.6533.89); currently, chromedriver 127.0.6533.88 is recommended for chrome 127.*, so it is advised to delete the driver in PATH and retry:
2024-08-04 10:59:41,589:ERROR:Put request has not been sent.: Invalid leading whitespace, reserved character(s), or return character(s) in header name: 'cookie:':
2024-08-04 11:01:11,008:WARNING:The chromedriver version (126.0.6478.126) detected in PATH at C:\Users\Admin\Desktop\chromedriver-win64\chromedriver.exe might not be compatible with the detected chrome version (127.0.6533.89); currently, chromedriver 127.0.6533.88 is recommended for chrome 127.*, so it is advised to delete the driver in PATH and retry:
2024-08-04 11:01:15,197:ERROR:Put request has not been sent.: Invalid leading whitespace, reserved character(s), or return character(s) in header name: 'cookie:':
2024-08-04 11:02:28,022:WARNING:The chromedriver version (126.0.6478.126) detected in PATH at C:\Users\Admin\Desktop\chromedriver-win64\chromedriver.exe might not be compatible with the detected chrome version (127.0.6533.89); currently, chromedriver 127.0.6533.88 is recommended for chrome 127.*, so it is advised to delete the driver in PATH and retry:
2024-08-04 11:02:32,158:ERROR:Put request has not been sent.: Invalid leading whitespace, reserved character(s), or return character(s) in header name: 'cookie:':
2024-08-04 11:03:14,555:WARNING:The chromedriver version (126.0.6478.126) detected in PATH at C:\Users\Admin\Desktop\chromedriver-win64\chromedriver.exe might not be compatible with the detected chrome version (127.0.6533.89); currently, chromedriver 127.0.6533.88 is recommended for chrome 127.*, so it is advised to delete the driver in PATH and retry:
2024-08-04 11:03:18,689:ERROR:Put request has not been sent.: Invalid leading whitespace, reserved character(s), or return character(s) in header name: 'cookie:':
2024-08-04 11:04:17,326:WARNING:The chromedriver version (126.0.6478.126) detected in PATH at C:\Users\Admin\Desktop\chromedriver-win64\chromedriver.exe might not be compatible with the detected chrome version (127.0.6533.89); currently, chromedriver 127.0.6533.88 is recommended for chrome 127.*, so it is advised to delete the driver in PATH and retry:
2024-08-04 11:04:21,352:ERROR:Put request has not been sent.: Invalid leading whitespace, reserved character(s), or return character(s) in header name: 'cookie:':
2024-08-04 11:04:50,151:WARNING:The chromedriver version (126.0.6478.126) detected in PATH at C:\Users\Admin\Desktop\chromedriver-win64\chromedriver.exe might not be compatible with the detected chrome version (127.0.6533.89); currently, chromedriver 127.0.6533.88 is recommended for chrome 127.*, so it is advised to delete the driver in PATH and retry:
2024-08-04 11:04:54,472:ERROR:Put request has not been sent.: Invalid leading whitespace, reserved character(s), or return character(s) in header name: 'Cookie:':
2024-08-04 11:13:20,909:WARNING:The chromedriver version (126.0.6478.126) detected in PATH at C:\Users\Admin\Desktop\chromedriver-win64\chromedriver.exe might not be compatible with the detected chrome version (127.0.6533.89); currently, chromedriver 127.0.6533.88 is recommended for chrome 127.*, so it is advised to delete the driver in PATH and retry:
2024-08-04 11:13:25,209:ERROR:Put request has not been sent.: Invalid leading whitespace, reserved character(s), or return character(s) in header name: 'Cookie:':
2024-08-04 11:14:06,352:WARNING:The chromedriver version (126.0.6478.126) detected in PATH at C:\Users\Admin\Desktop\chromedriver-win64\chromedriver.exe might not be compatible with the detected chrome version (127.0.6533.89); currently, chromedriver 127.0.6533.88 is recommended for chrome 127.*, so it is advised to delete the driver in PATH and retry:
2024-08-04 11:14:21,223:WARNING:The chromedriver version (126.0.6478.126) detected in PATH at C:\Users\Admin\Desktop\chromedriver-win64\chromedriver.exe might not be compatible with the detected chrome version (127.0.6533.89); currently, chromedriver 127.0.6533.88 is recommended for chrome 127.*, so it is advised to delete the driver in PATH and retry:
2024-08-04 11:15:00,154:WARNING:The chromedriver version (126.0.6478.126) detected in PATH at C:\Users\Admin\Desktop\chromedriver-win64\chromedriver.exe might not be compatible with the detected chrome version (127.0.6533.89); currently, chromedriver 127.0.6533.88 is recommended for chrome 127.*, so it is advised to delete the driver in PATH and retry:
2024-08-04 11:15:04,402:ERROR:Put request has not been sent.: Invalid leading whitespace, reserved character(s), or return character(s) in header name: 'Cookie:':
2024-08-04 11:16:11,589:WARNING:The chromedriver version (126.0.6478.126) detected in PATH at C:\Users\Admin\Desktop\chromedriver-win64\chromedriver.exe might not be compatible with the detected chrome version (127.0.6533.89); currently, chromedriver 127.0.6533.88 is recommended for chrome 127.*, so it is advised to delete the driver in PATH and retry:
2024-08-04 11:16:15,860:ERROR:Put request has not been sent.: Invalid leading whitespace, reserved character(s), or return character(s) in header name: 'Cookie:':
2024-08-04 11:16:43,839:WARNING:The chromedriver version (126.0.6478.126) detected in PATH at C:\Users\Admin\Desktop\chromedriver-win64\chromedriver.exe might not be compatible with the detected chrome version (127.0.6533.89); currently, chromedriver 127.0.6533.88 is recommended for chrome 127.*, so it is advised to delete the driver in PATH and retry:
2024-08-04 11:16:47,927:ERROR:Put request has not been sent.: Invalid leading whitespace, reserved character(s), or return character(s) in header name: 'Cookie:':
2024-08-04 11:21:34,837:WARNING:The chromedriver version (126.0.6478.126) detected in PATH at C:\Users\Admin\Desktop\chromedriver-win64\chromedriver.exe might not be compatible with the detected chrome version (127.0.6533.89); currently, chromedriver 127.0.6533.88 is recommended for chrome 127.*, so it is advised to delete the driver in PATH and retry:
2024-08-04 11:21:39,444:ERROR:Put request has not been sent.: Invalid leading whitespace, reserved character(s), or return character(s) in header name: 'Cookie:':
2024-08-04 11:22:36,145:WARNING:The chromedriver version (126.0.6478.126) detected in PATH at C:\Users\Admin\Desktop\chromedriver-win64\chromedriver.exe might not be compatible with the detected chrome version (127.0.6533.89); currently, chromedriver 127.0.6533.88 is recommended for chrome 127.*, so it is advised to delete the driver in PATH and retry:
2024-08-04 11:23:28,779:ERROR:Put request has not been sent.: Invalid leading whitespace, reserved character(s), or return character(s) in header name: 'Cookie:':
2024-08-04 11:24:16,993:WARNING:The chromedriver version (126.0.6478.126) detected in PATH at C:\Users\Admin\Desktop\chromedriver-win64\chromedriver.exe might not be compatible with the detected chrome version (127.0.6533.89); currently, chromedriver 127.0.6533.88 is recommended for chrome 127.*, so it is advised to delete the driver in PATH and retry:
2024-08-04 11:25:08,387:ERROR:Put request has not been sent.: Invalid leading whitespace, reserved character(s), or return character(s) in header name: 'Cookie:':
2024-08-04 11:27:29,153:WARNING:The chromedriver version (126.0.6478.126) detected in PATH at C:\Users\Admin\Desktop\chromedriver-win64\chromedriver.exe might not be compatible with the detected chrome version (127.0.6533.89); currently, chromedriver 127.0.6533.88 is recommended for chrome 127.*, so it is advised to delete the driver in PATH and retry:
2024-08-04 11:29:24,635:WARNING:The chromedriver version (126.0.6478.126) detected in PATH at C:\Users\Admin\Desktop\chromedriver-win64\chromedriver.exe might not be compatible with the detected chrome version (127.0.6533.89); currently, chromedriver 127.0.6533.88 is recommended for chrome 127.*, so it is advised to delete the driver in PATH and retry:
2024-08-04 11:31:13,202:WARNING:The chromedriver version (126.0.6478.126) detected in PATH at C:\Users\Admin\Desktop\chromedriver-win64\chromedriver.exe might not be compatible with the detected chrome version (127.0.6533.89); currently, chromedriver 127.0.6533.88 is recommended for chrome 127.*, so it is advised to delete the driver in PATH and retry:
2024-08-04 11:31:37,465:WARNING:The chromedriver version (126.0.6478.126) detected in PATH at C:\Users\Admin\Desktop\chromedriver-win64\chromedriver.exe might not be compatible with the detected chrome version (127.0.6533.89); currently, chromedriver 127.0.6533.88 is recommended for chrome 127.*, so it is advised to delete the driver in PATH and retry:
2024-08-04 11:32:11,677:WARNING:The chromedriver version (126.0.6478.126) detected in PATH at C:\Users\Admin\Desktop\chromedriver-win64\chromedriver.exe might not be compatible with the detected chrome version (127.0.6533.89); currently, chromedriver 127.0.6533.88 is recommended for chrome 127.*, so it is advised to delete the driver in PATH and retry:
2024-08-04 11:33:53,796:WARNING:The chromedriver version (126.0.6478.126) detected in PATH at C:\Users\Admin\Desktop\chromedriver-win64\chromedriver.exe might not be compatible with the detected chrome version (127.0.6533.89); currently, chromedriver 127.0.6533.88 is recommended for chrome 127.*, so it is advised to delete the driver in PATH and retry:
2024-08-04 11:37:48,956:WARNING:The chromedriver version (126.0.6478.126) detected in PATH at C:\Users\Admin\Desktop\chromedriver-win64\chromedriver.exe might not be compatible with the detected chrome version (127.0.6533.89); currently, chromedriver 127.0.6533.88 is recommended for chrome 127.*, so it is advised to delete the driver in PATH and retry:
2024-08-04 12:03:10,055:WARNING:The chromedriver version (126.0.6478.126) detected in PATH at C:\Users\Admin\Desktop\chromedriver-win64\chromedriver.exe might not be compatible with the detected chrome version (127.0.6533.89); currently, chromedriver 127.0.6533.88 is recommended for chrome 127.*, so it is advised to delete the driver in PATH and retry:
2024-08-04 12:03:48,343:WARNING:The chromedriver version (126.0.6478.126) detected in PATH at C:\Users\Admin\Desktop\chromedriver-win64\chromedriver.exe might not be compatible with the detected chrome version (127.0.6533.89); currently, chromedriver 127.0.6533.88 is recommended for chrome 127.*, so it is advised to delete the driver in PATH and retry:
2024-08-04 12:06:15,639:WARNING:The chromedriver version (126.0.6478.126) detected in PATH at C:\Users\Admin\Desktop\chromedriver-win64\chromedriver.exe might not be compatible with the detected chrome version (127.0.6533.89); currently, chromedriver 127.0.6533.88 is recommended for chrome 127.*, so it is advised to delete the driver in PATH and retry:
2024-08-04 12:06:35,356:WARNING:The chromedriver version (126.0.6478.126) detected in PATH at C:\Users\Admin\Desktop\chromedriver-win64\chromedriver.exe might not be compatible with the detected chrome version (127.0.6533.89); currently, chromedriver 127.0.6533.88 is recommended for chrome 127.*, so it is advised to delete the driver in PATH and retry:
2024-08-04 12:07:47,601:WARNING:The chromedriver version (126.0.6478.126) detected in PATH at C:\Users\Admin\Desktop\chromedriver-win64\chromedriver.exe might not be compatible with the detected chrome version (127.0.6533.89); currently, chromedriver 127.0.6533.88 is recommended for chrome 127.*, so it is advised to delete the driver in PATH and retry:
2024-08-04 12:08:38,550:WARNING:The chromedriver version (126.0.6478.126) detected in PATH at C:\Users\Admin\Desktop\chromedriver-win64\chromedriver.exe might not be compatible with the detected chrome version (127.0.6533.89); currently, chromedriver 127.0.6533.88 is recommended for chrome 127.*, so it is advised to delete the driver in PATH and retry:
