2024-07-26 15:33:18,195:INFO:Creating database connection in process.:
2024-07-26 15:33:18,196:INFO:Database connection created.:
2024-07-26 15:33:18,196:INFO:Creating table in process.:
2024-07-26 15:33:18,196:INFO:Executing database query in process.:
2024-07-26 15:33:18,196:INFO:Database query executed.:
2024-07-26 15:33:18,197:INFO:Table created.:
2024-07-26 15:33:18,552:INFO:9_______TEST (USER) BEGAN_______9:
2024-07-26 15:33:18,553:INFO:Sending post request.:
2024-07-26 15:33:19,556:INFO:Executing database query in process.:
2024-07-26 15:33:19,591:INFO:Executing database query in process.:
2024-07-26 15:33:19,592:INFO:Database query executed.:
2024-07-26 15:33:19,596:INFO:Closing database connection in process.:
2024-07-26 15:33:19,597:INFO:_______TEST COMPLETED________
:
2024-07-26 15:35:51,273:INFO:Creating database connection in process.:
2024-07-26 15:35:51,273:INFO:Database connection created.:
2024-07-26 15:35:51,274:INFO:Creating table in process.:
2024-07-26 15:35:51,274:INFO:Executing database query in process.:
2024-07-26 15:35:51,274:INFO:Database query executed.:
2024-07-26 15:35:51,274:INFO:Table created.:
2024-07-26 15:35:51,773:INFO:9_______TEST (USER) BEGAN_______9:
2024-07-26 15:35:51,774:INFO:Sending post request.:
2024-07-26 15:35:52,699:INFO:Executing database query in process.:
2024-07-26 15:35:52,735:INFO:_______TEST COMPLETED________
:
2024-07-26 15:36:53,378:INFO:Creating database connection in process.:
2024-07-26 15:36:53,385:INFO:Database connection created.:
2024-07-26 15:36:53,385:INFO:Creating table in process.:
2024-07-26 15:36:53,385:INFO:Executing database query in process.:
2024-07-26 15:36:53,387:INFO:Database query executed.:
2024-07-26 15:36:53,387:INFO:Table created.:
2024-07-26 15:36:53,827:INFO:9_______TEST (USER) BEGAN_______9:
2024-07-26 15:36:53,827:INFO:Sending post request.:
2024-07-26 15:36:54,849:INFO:Executing database query in process.:
2024-07-26 15:36:54,855:INFO:Executing database query in process.:
2024-07-26 15:36:54,856:INFO:Executing database query in process.:
2024-07-26 15:36:54,857:INFO:Database query executed.:
2024-07-26 15:36:54,861:INFO:Closing database connection in process.:
2024-07-26 15:36:54,862:INFO:_______TEST COMPLETED________
:
2024-07-26 17:05:35,792:INFO:1_______TEST (PET]) BEGAN_______1:
2024-07-26 17:05:35,793:INFO:Sending get request to the server.:
2024-07-26 17:05:36,519:INFO:_______TEST COMPLETED_______:
2024-07-26 17:05:48,181:INFO:2_______TEST (PET) BEGAN_______2:
2024-07-26 17:05:48,181:INFO:Sending post request to the server.:
2024-07-26 17:05:49,016:INFO:_______TEST COMPLETED_______:
2024-07-26 17:06:05,469:INFO:2_______TEST (PET) BEGAN_______2:
2024-07-26 17:06:05,469:INFO:Sending post request to the server.:
2024-07-26 17:06:06,213:INFO:_______TEST COMPLETED_______:
2024-07-26 17:06:12,799:INFO:2_______TEST (PET) BEGAN_______2:
2024-07-26 17:06:12,800:INFO:Sending post request to the server.:
2024-07-26 17:06:13,497:INFO:_______TEST COMPLETED_______:
2024-07-26 17:06:13,501:INFO:3_______TEST (PET) BEGAN_______3:
2024-07-26 17:06:13,501:INFO:Sending get request to the server.:
2024-07-26 17:06:14,265:INFO:_______TEST COMPLETED_______:
2024-07-26 17:06:14,271:INFO:1_______TEST (PET]) BEGAN_______1:
2024-07-26 17:06:14,272:INFO:Sending get request to the server.:
2024-07-26 17:06:14,874:INFO:_______TEST COMPLETED_______:
2024-07-26 17:06:44,068:INFO:2_______TEST (PET) BEGAN_______2:
2024-07-26 17:06:44,068:INFO:Sending post request to the server.:
2024-07-26 17:06:44,928:INFO:_______TEST COMPLETED_______:
2024-07-26 17:06:44,944:INFO:3_______TEST (PET) BEGAN_______3:
2024-07-26 17:06:44,944:INFO:Sending get request to the server.:
2024-07-26 17:06:45,679:INFO:_______TEST COMPLETED_______:
2024-07-26 17:06:45,694:INFO:1_______TEST (PET]) BEGAN_______1:
2024-07-26 17:06:45,695:INFO:Sending get request to the server.:
2024-07-26 17:06:46,351:INFO:_______TEST COMPLETED_______:
2024-07-26 17:06:46,375:INFO:Sending post request to the server.:
2024-07-26 17:06:46,999:INFO:4_______TEST (STORE) BEGAN_______4:
2024-07-26 17:06:46,999:INFO:Sending get request to the server.:
2024-07-26 17:06:47,788:INFO:_______TEST COMPLETED_______:
2024-07-26 17:06:47,788:INFO:Sending post request to the server.:
2024-07-26 17:06:48,709:INFO:5_______TEST (STORE) BEGAN_______5:
2024-07-26 17:06:48,709:INFO:_______TEST COMPLETED_______:
2024-07-26 17:06:48,719:INFO:Sending post request to the server.:
2024-07-26 17:06:49,538:INFO:6_______TEST (STORE) BEGAN_______6:
2024-07-26 17:06:49,538:INFO:Sending get request to the server.:
2024-07-26 17:06:50,352:INFO:_______TEST COMPLETED_______:
2024-07-26 17:06:50,398:INFO:Creating database connection in process.:
2024-07-26 17:06:50,403:INFO:Database connection created.:
2024-07-26 17:06:50,404:INFO:Creating table in process.:
2024-07-26 17:06:50,404:INFO:Executing database query in process.:
2024-07-26 17:06:50,404:INFO:Database query executed.:
2024-07-26 17:06:50,404:INFO:Table created.:
2024-07-26 17:06:50,864:INFO:9_______TEST (USER) BEGAN_______9:
2024-07-26 17:06:50,864:INFO:Sending post request.:
2024-07-26 17:06:51,573:INFO:Executing database query in process.:
2024-07-26 17:06:51,622:INFO:Executing database query in process.:
2024-07-26 17:06:51,623:INFO:Database query executed.:
2024-07-26 17:06:51,628:INFO:Closing database connection in process.:
2024-07-26 17:06:51,628:INFO:_______TEST COMPLETED________
:
2024-07-26 17:06:51,635:INFO:Creating database connection in process.:
2024-07-26 17:06:51,636:INFO:Database connection created.:
2024-07-26 17:06:51,636:INFO:Creating table in process.:
2024-07-26 17:06:51,636:INFO:Executing database query in process.:
2024-07-26 17:06:51,637:INFO:Database query executed.:
2024-07-26 17:06:51,637:INFO:Table created.:
2024-07-26 17:06:51,993:INFO:10_______TEST (USER) BEGAN_______10:
2024-07-26 17:06:51,993:INFO:Sending get request to the server.:
2024-07-26 17:06:52,802:INFO:_______TEST COMPLETED________
:
2024-07-26 17:06:52,905:INFO:Creating database connection in process.:
2024-07-26 17:06:52,905:INFO:Database connection created.:
2024-07-26 17:06:52,905:INFO:Creating table in process.:
2024-07-26 17:06:52,906:INFO:Executing database query in process.:
2024-07-26 17:06:52,906:INFO:Database query executed.:
2024-07-26 17:06:52,906:INFO:Table created.:
2024-07-26 17:06:53,319:INFO:7_______TEST (USER) BEGAN_______7:
2024-07-26 17:06:53,319:INFO:Sending get request to the server.:
2024-07-26 17:06:53,987:INFO:_______TEST COMPLETED________
:
2024-07-26 17:06:54,021:INFO:Creating database connection in process.:
2024-07-26 17:06:54,025:INFO:Database connection created.:
2024-07-26 17:06:54,025:INFO:Creating table in process.:
2024-07-26 17:06:54,025:INFO:Executing database query in process.:
2024-07-26 17:06:54,026:INFO:Database query executed.:
2024-07-26 17:06:54,026:INFO:Table created.:
2024-07-26 17:06:54,366:INFO:8_______TEST (USER) BEGAN_______8:
2024-07-26 17:06:54,366:INFO:Sending get request to the server.:
2024-07-26 17:06:55,158:INFO:_______TEST COMPLETED________
:
2024-07-26 17:11:45,118:INFO:2_______TEST (PET) BEGAN_______2:
2024-07-26 17:11:45,118:INFO:Sending post request to the server.:
2024-07-26 17:11:46,151:INFO:_______TEST COMPLETED_______:
2024-07-26 17:11:46,160:INFO:3_______TEST (PET) BEGAN_______3:
2024-07-26 17:11:46,160:INFO:Sending get request to the server.:
2024-07-26 17:11:46,905:INFO:_______TEST COMPLETED_______:
2024-07-26 17:11:46,943:INFO:1_______TEST (PET]) BEGAN_______1:
2024-07-26 17:11:46,943:INFO:Sending get request to the server.:
2024-07-26 17:11:47,674:INFO:_______TEST COMPLETED_______:
2024-07-26 17:11:47,690:INFO:Sending post request to the server.:
2024-07-26 17:11:48,544:INFO:4_______TEST (STORE) BEGAN_______4:
2024-07-26 17:11:48,544:INFO:Sending get request to the server.:
2024-07-26 17:11:49,364:INFO:_______TEST COMPLETED_______:
2024-07-26 17:11:49,407:INFO:Sending post request to the server.:
2024-07-26 17:11:50,020:INFO:5_______TEST (STORE) BEGAN_______5:
2024-07-26 17:11:50,020:INFO:_______TEST COMPLETED_______:
2024-07-26 17:11:50,036:INFO:Sending post request to the server.:
2024-07-26 17:11:50,799:INFO:6_______TEST (STORE) BEGAN_______6:
2024-07-26 17:11:50,801:INFO:Sending get request to the server.:
2024-07-26 17:11:51,561:INFO:_______TEST COMPLETED_______:
2024-07-26 17:11:51,575:INFO:Creating database connection in process.:
2024-07-26 17:11:51,575:INFO:Database connection created.:
2024-07-26 17:11:51,575:INFO:Creating table in process.:
2024-07-26 17:11:51,575:INFO:Executing database query in process.:
2024-07-26 17:11:51,579:INFO:Database query executed.:
2024-07-26 17:11:51,579:INFO:Table created.:
2024-07-26 17:11:52,117:INFO:9_______TEST (USER) BEGAN_______9:
2024-07-26 17:11:52,117:INFO:Sending post request.:
2024-07-26 17:11:52,950:INFO:Executing database query in process.:
2024-07-26 17:11:52,987:INFO:Executing database query in process.:
2024-07-26 17:11:52,988:INFO:Database query executed.:
2024-07-26 17:11:52,992:INFO:Closing database connection in process.:
2024-07-26 17:11:52,993:INFO:_______TEST COMPLETED________
:
2024-07-26 17:11:53,002:INFO:Creating database connection in process.:
2024-07-26 17:11:53,002:INFO:Database connection created.:
2024-07-26 17:11:53,002:INFO:Creating table in process.:
2024-07-26 17:11:53,004:INFO:Executing database query in process.:
2024-07-26 17:11:53,004:INFO:Database query executed.:
2024-07-26 17:11:53,004:INFO:Table created.:
2024-07-26 17:11:53,450:INFO:10_______TEST (USER) BEGAN_______10:
2024-07-26 17:11:53,450:INFO:Sending get request to the server.:
2024-07-26 17:11:54,230:INFO:_______TEST COMPLETED________
:
2024-07-26 17:11:54,413:INFO:Creating database connection in process.:
2024-07-26 17:11:54,414:INFO:Database connection created.:
2024-07-26 17:11:54,414:INFO:Creating table in process.:
2024-07-26 17:11:54,414:INFO:Executing database query in process.:
2024-07-26 17:11:54,414:INFO:Database query executed.:
2024-07-26 17:11:54,414:INFO:Table created.:
2024-07-26 17:11:54,780:INFO:7_______TEST (USER) BEGAN_______7:
2024-07-26 17:11:54,780:INFO:Sending get request to the server.:
2024-07-26 17:11:55,602:INFO:_______TEST COMPLETED________
:
2024-07-26 17:11:55,617:INFO:Creating database connection in process.:
2024-07-26 17:11:55,617:INFO:Database connection created.:
2024-07-26 17:11:55,617:INFO:Creating table in process.:
2024-07-26 17:11:55,617:INFO:Executing database query in process.:
2024-07-26 17:11:55,617:INFO:Database query executed.:
2024-07-26 17:11:55,617:INFO:Table created.:
2024-07-26 17:11:56,017:INFO:8_______TEST (USER) BEGAN_______8:
2024-07-26 17:11:56,017:INFO:Sending get request to the server.:
2024-07-26 17:11:56,738:INFO:_______TEST COMPLETED________
:
2024-07-26 17:18:18,841:INFO:2_______TEST (PET) BEGAN_______2:
2024-07-26 17:18:18,842:INFO:Sending post request to the server.:
2024-07-26 17:18:19,969:INFO:_______TEST COMPLETED_______:
2024-07-26 17:18:19,975:INFO:3_______TEST (PET) BEGAN_______3:
2024-07-26 17:18:19,975:INFO:Sending get request to the server.:
2024-07-26 17:18:20,741:INFO:_______TEST COMPLETED_______:
2024-07-26 17:18:20,747:INFO:1_______TEST (PET]) BEGAN_______1:
2024-07-26 17:18:20,747:INFO:Sending get request to the server.:
2024-07-26 17:18:21,767:INFO:_______TEST COMPLETED_______:
2024-07-26 17:19:34,429:INFO:2_______TEST (PET) BEGAN_______2:
2024-07-26 17:19:34,429:INFO:Sending post request to the server.:
2024-07-26 17:19:35,438:INFO:_______TEST COMPLETED_______:
2024-07-26 17:19:35,453:INFO:3_______TEST (PET) BEGAN_______3:
2024-07-26 17:19:35,456:INFO:Sending get request to the server.:
2024-07-26 17:19:36,212:INFO:_______TEST COMPLETED_______:
2024-07-26 17:19:36,285:INFO:1_______TEST (PET]) BEGAN_______1:
2024-07-26 17:19:36,285:INFO:Sending get request to the server.:
2024-07-26 17:19:37,442:INFO:_______TEST COMPLETED_______:
2024-07-26 21:44:32,274:INFO:Sending post request to the server.:
2024-07-26 21:44:33,984:INFO:5_______TEST (STORE) BEGAN_______5:
2024-07-26 21:44:34,339:INFO:Creating Jira issue...:
2024-07-26 21:44:35,495:INFO:Jira issue created: AABB-32:
2024-07-26 21:44:35,495:INFO:_______TEST COMPLETED_______:
2024-07-26 21:46:48,861:INFO:2_______TEST (PET) BEGAN_______2:
2024-07-26 21:46:48,861:INFO:Sending post request to the server.:
2024-07-26 21:46:50,589:INFO:_______TEST COMPLETED_______:
