2024-07-26 15:53:56,019:INFO:2_______TEST (PET) BEGAN_______2:
2024-07-26 15:53:56,019:INFO:Sending post request to the server.:
2024-07-26 15:53:57,782:INFO:_______TEST COMPLETED_______:
2024-07-26 15:53:57,790:INFO:3_______TEST (PET) BEGAN_______3:
2024-07-26 15:53:57,790:INFO:Sending get request to the server.:
2024-07-26 15:53:58,383:INFO:_______TEST COMPLETED_______:
2024-07-26 15:53:58,500:INFO:1_______TEST (PET]) BEGAN_______1:
2024-07-26 15:53:58,500:INFO:Sending get request to the server.:
2024-07-26 15:53:59,259:INFO:_______TEST COMPLETED_______:
2024-07-26 15:53:59,315:INFO:Sending post request to the server.:
2024-07-26 15:53:59,989:INFO:4_______TEST (STORE) BEGAN_______4:
2024-07-26 15:53:59,989:INFO:Sending get request to the server.:
2024-07-26 15:54:00,805:INFO:_______TEST COMPLETED_______:
2024-07-26 15:54:00,843:INFO:Sending post request to the server.:
2024-07-26 15:54:01,527:INFO:5_______TEST (STORE) BEGAN_______5:
2024-07-26 15:54:01,527:INFO:_______TEST COMPLETED_______:
2024-07-26 15:54:01,564:INFO:Sending post request to the server.:
2024-07-26 15:54:02,175:INFO:6_______TEST (STORE) BEGAN_______6:
2024-07-26 15:54:02,175:INFO:Sending get request to the server.:
2024-07-26 15:54:02,947:INFO:_______TEST COMPLETED_______:
2024-07-26 15:54:02,996:INFO:Creating database connection in process.:
2024-07-26 15:54:03,008:INFO:Database connection created.:
2024-07-26 15:54:03,012:INFO:Creating table in process.:
2024-07-26 15:54:03,012:INFO:Executing database query in process.:
2024-07-26 15:54:03,027:INFO:Database query executed.:
2024-07-26 15:54:03,027:INFO:Table created.:
2024-07-26 15:54:03,565:INFO:9_______TEST (USER) BEGAN_______9:
2024-07-26 15:54:03,565:INFO:Sending post request.:
2024-07-26 15:54:04,390:INFO:Executing database query in process.:
2024-07-26 15:54:04,431:INFO:Executing database query in process.:
2024-07-26 15:54:04,433:INFO:Database query executed.:
2024-07-26 15:54:04,437:INFO:Closing database connection in process.:
2024-07-26 15:54:04,438:INFO:_______TEST COMPLETED________
:
2024-07-26 15:54:04,445:INFO:Creating database connection in process.:
2024-07-26 15:54:04,447:INFO:Database connection created.:
2024-07-26 15:54:04,447:INFO:Creating table in process.:
2024-07-26 15:54:04,447:INFO:Executing database query in process.:
2024-07-26 15:54:04,447:INFO:Database query executed.:
2024-07-26 15:54:04,447:INFO:Table created.:
2024-07-26 15:54:04,794:INFO:10_______TEST (USER) BEGAN_______10:
2024-07-26 15:54:04,794:INFO:Sending get request to the server.:
2024-07-26 15:54:05,609:INFO:_______TEST COMPLETED________
:
2024-07-26 15:54:05,671:INFO:Creating database connection in process.:
2024-07-26 15:54:05,673:INFO:Database connection created.:
2024-07-26 15:54:05,673:INFO:Creating table in process.:
2024-07-26 15:54:05,673:INFO:Executing database query in process.:
2024-07-26 15:54:05,673:INFO:Database query executed.:
2024-07-26 15:54:05,673:INFO:Table created.:
2024-07-26 15:54:06,128:INFO:7_______TEST (USER) BEGAN_______7:
2024-07-26 15:54:06,128:INFO:Sending get request to the server.:
2024-07-26 15:54:06,949:INFO:_______TEST COMPLETED________
:
2024-07-26 15:54:06,960:INFO:Creating database connection in process.:
2024-07-26 15:54:06,960:INFO:Database connection created.:
2024-07-26 15:54:06,960:INFO:Creating table in process.:
2024-07-26 15:54:06,961:INFO:Executing database query in process.:
2024-07-26 15:54:06,961:INFO:Database query executed.:
2024-07-26 15:54:06,961:INFO:Table created.:
2024-07-26 15:54:07,363:INFO:8_______TEST (USER) BEGAN_______8:
2024-07-26 15:54:07,363:INFO:Sending get request to the server.:
2024-07-26 15:54:08,169:INFO:_______TEST COMPLETED________
:
2024-07-26 16:59:55,313:INFO:2_______TEST (PET) BEGAN_______2:
2024-07-26 16:59:55,313:INFO:Sending post request to the server.:
2024-07-26 16:59:57,704:INFO:_______TEST COMPLETED_______:
2024-07-26 16:59:57,718:INFO:3_______TEST (PET) BEGAN_______3:
2024-07-26 16:59:57,718:INFO:Sending get request to the server.:
2024-07-26 16:59:58,317:INFO:_______TEST COMPLETED_______:
2024-07-26 16:59:58,451:INFO:1_______TEST (PET]) BEGAN_______1:
2024-07-26 16:59:58,451:INFO:Sending get request to the server.:
2024-07-26 16:59:59,247:INFO:_______TEST COMPLETED_______:
2024-07-26 16:59:59,260:INFO:Sending post request to the server.:
2024-07-26 16:59:59,846:INFO:4_______TEST (STORE) BEGAN_______4:
2024-07-26 16:59:59,846:INFO:Sending get request to the server.:
2024-07-26 17:00:00,455:INFO:_______TEST COMPLETED_______:
2024-07-26 17:00:00,465:INFO:Sending post request to the server.:
2024-07-26 17:00:01,067:INFO:5_______TEST (STORE) BEGAN_______5:
2024-07-26 17:00:01,067:INFO:_______TEST COMPLETED_______:
2024-07-26 17:00:01,077:INFO:Sending post request to the server.:
2024-07-26 17:00:01,691:INFO:6_______TEST (STORE) BEGAN_______6:
2024-07-26 17:00:01,691:INFO:Sending get request to the server.:
2024-07-26 17:00:02,291:INFO:_______TEST COMPLETED_______:
2024-07-26 17:00:02,301:INFO:Creating database connection in process.:
2024-07-26 17:00:02,330:INFO:Database connection created.:
2024-07-26 17:00:02,330:INFO:Creating table in process.:
2024-07-26 17:00:02,330:INFO:Executing database query in process.:
2024-07-26 17:00:02,340:INFO:Database query executed.:
2024-07-26 17:00:02,340:INFO:Table created.:
2024-07-26 17:00:02,921:INFO:9_______TEST (USER) BEGAN_______9:
2024-07-26 17:00:02,921:INFO:Sending post request.:
2024-07-26 17:00:03,562:INFO:Executing database query in process.:
2024-07-26 17:00:03,574:INFO:Executing database query in process.:
2024-07-26 17:00:03,576:INFO:Database query executed.:
2024-07-26 17:00:03,582:INFO:Closing database connection in process.:
2024-07-26 17:00:03,582:INFO:_______TEST COMPLETED________
:
2024-07-26 17:00:03,589:INFO:Creating database connection in process.:
2024-07-26 17:00:03,590:INFO:Database connection created.:
2024-07-26 17:00:03,590:INFO:Creating table in process.:
2024-07-26 17:00:03,590:INFO:Executing database query in process.:
2024-07-26 17:00:03,591:INFO:Database query executed.:
2024-07-26 17:00:03,591:INFO:Table created.:
2024-07-26 17:00:04,023:INFO:10_______TEST (USER) BEGAN_______10:
2024-07-26 17:00:04,023:INFO:Sending get request to the server.:
2024-07-26 17:00:04,635:INFO:_______TEST COMPLETED________
:
2024-07-26 17:00:04,677:INFO:Creating database connection in process.:
2024-07-26 17:00:04,677:INFO:Database connection created.:
2024-07-26 17:00:04,678:INFO:Creating table in process.:
2024-07-26 17:00:04,678:INFO:Executing database query in process.:
2024-07-26 17:00:04,678:INFO:Database query executed.:
2024-07-26 17:00:04,678:INFO:Table created.:
2024-07-26 17:00:05,088:INFO:7_______TEST (USER) BEGAN_______7:
2024-07-26 17:00:05,088:INFO:Sending get request to the server.:
2024-07-26 17:00:05,870:INFO:_______TEST COMPLETED________
:
2024-07-26 17:00:05,908:INFO:Creating database connection in process.:
2024-07-26 17:00:05,909:INFO:Database connection created.:
2024-07-26 17:00:05,909:INFO:Creating table in process.:
2024-07-26 17:00:05,909:INFO:Executing database query in process.:
2024-07-26 17:00:05,910:INFO:Database query executed.:
2024-07-26 17:00:05,911:INFO:Table created.:
2024-07-26 17:00:06,292:INFO:8_______TEST (USER) BEGAN_______8:
2024-07-26 17:00:06,292:INFO:Sending get request to the server.:
2024-07-26 17:00:07,099:INFO:_______TEST COMPLETED________
:
2024-07-26 17:01:56,368:INFO:2_______TEST (PET) BEGAN_______2:
2024-07-26 17:01:56,368:INFO:Sending post request to the server.:
2024-07-26 17:01:57,995:INFO:_______TEST COMPLETED_______:
2024-07-26 17:01:58,007:INFO:3_______TEST (PET) BEGAN_______3:
2024-07-26 17:01:58,007:INFO:Sending get request to the server.:
2024-07-26 17:01:58,816:INFO:_______TEST COMPLETED_______:
2024-07-26 17:01:58,816:INFO:1_______TEST (PET]) BEGAN_______1:
2024-07-26 17:01:58,816:INFO:Sending get request to the server.:
2024-07-26 17:01:59,834:INFO:_______TEST COMPLETED_______:
2024-07-26 17:01:59,849:INFO:Sending post request to the server.:
2024-07-26 17:02:00,656:INFO:4_______TEST (STORE) BEGAN_______4:
2024-07-26 17:02:00,656:INFO:Sending get request to the server.:
2024-07-26 17:02:01,478:INFO:_______TEST COMPLETED_______:
2024-07-26 17:02:01,486:INFO:Sending post request to the server.:
2024-07-26 17:02:02,300:INFO:5_______TEST (STORE) BEGAN_______5:
2024-07-26 17:02:02,300:INFO:_______TEST COMPLETED_______:
2024-07-26 17:02:02,300:INFO:Sending post request to the server.:
2024-07-26 17:02:03,011:INFO:6_______TEST (STORE) BEGAN_______6:
2024-07-26 17:02:03,011:INFO:Sending get request to the server.:
2024-07-26 17:02:03,830:INFO:_______TEST COMPLETED_______:
2024-07-26 17:02:03,846:INFO:Creating database connection in process.:
2024-07-26 17:02:03,846:INFO:Database connection created.:
2024-07-26 17:02:03,846:INFO:Creating table in process.:
2024-07-26 17:02:03,846:INFO:Executing database query in process.:
2024-07-26 17:02:03,846:INFO:Database query executed.:
2024-07-26 17:02:03,846:INFO:Table created.:
2024-07-26 17:02:04,336:INFO:9_______TEST (USER) BEGAN_______9:
2024-07-26 17:02:04,336:INFO:Sending post request.:
2024-07-26 17:02:05,061:INFO:Executing database query in process.:
2024-07-26 17:02:05,099:INFO:Executing database query in process.:
2024-07-26 17:02:05,099:INFO:Database query executed.:
2024-07-26 17:02:05,107:INFO:Closing database connection in process.:
2024-07-26 17:02:05,107:INFO:_______TEST COMPLETED________
:
2024-07-26 17:02:05,110:INFO:Creating database connection in process.:
2024-07-26 17:02:05,110:INFO:Database connection created.:
2024-07-26 17:02:05,110:INFO:Creating table in process.:
2024-07-26 17:02:05,110:INFO:Executing database query in process.:
2024-07-26 17:02:05,110:INFO:Database query executed.:
2024-07-26 17:02:05,110:INFO:Table created.:
2024-07-26 17:02:05,474:INFO:10_______TEST (USER) BEGAN_______10:
2024-07-26 17:02:05,474:INFO:Sending get request to the server.:
2024-07-26 17:02:06,054:INFO:_______TEST COMPLETED________
:
2024-07-26 17:02:06,169:INFO:Creating database connection in process.:
2024-07-26 17:02:06,170:INFO:Database connection created.:
2024-07-26 17:02:06,170:INFO:Creating table in process.:
2024-07-26 17:02:06,170:INFO:Executing database query in process.:
2024-07-26 17:02:06,170:INFO:Database query executed.:
2024-07-26 17:02:06,170:INFO:Table created.:
2024-07-26 17:02:06,603:INFO:7_______TEST (USER) BEGAN_______7:
2024-07-26 17:02:06,603:INFO:Sending get request to the server.:
2024-07-26 17:02:07,311:INFO:_______TEST COMPLETED________
:
2024-07-26 17:02:07,311:INFO:Creating database connection in process.:
2024-07-26 17:02:07,311:INFO:Database connection created.:
2024-07-26 17:02:07,311:INFO:Creating table in process.:
2024-07-26 17:02:07,311:INFO:Executing database query in process.:
2024-07-26 17:02:07,311:INFO:Database query executed.:
2024-07-26 17:02:07,311:INFO:Table created.:
2024-07-26 17:02:07,675:INFO:8_______TEST (USER) BEGAN_______8:
2024-07-26 17:02:07,675:INFO:Sending get request to the server.:
2024-07-26 17:02:08,546:INFO:_______TEST COMPLETED________
:
2024-07-26 17:04:37,977:INFO:2_______TEST (PET) BEGAN_______2:
2024-07-26 17:04:37,977:INFO:Sending post request to the server.:
2024-07-26 17:04:39,179:INFO:_______TEST COMPLETED_______:
2024-07-26 17:04:39,180:INFO:3_______TEST (PET) BEGAN_______3:
2024-07-26 17:04:39,181:INFO:Sending get request to the server.:
2024-07-26 17:04:39,997:INFO:_______TEST COMPLETED_______:
2024-07-26 17:04:39,998:INFO:1_______TEST (PET]) BEGAN_______1:
2024-07-26 17:04:39,998:INFO:Sending get request to the server.:
2024-07-26 17:04:41,030:INFO:_______TEST COMPLETED_______:
2024-07-26 17:04:41,031:INFO:Sending post request to the server.:
2024-07-26 17:04:41,738:INFO:4_______TEST (STORE) BEGAN_______4:
2024-07-26 17:04:41,738:INFO:Sending get request to the server.:
2024-07-26 17:04:42,557:INFO:_______TEST COMPLETED_______:
2024-07-26 17:04:42,557:INFO:Sending post request to the server.:
2024-07-26 17:04:43,378:INFO:5_______TEST (STORE) BEGAN_______5:
2024-07-26 17:04:43,378:INFO:_______TEST COMPLETED_______:
2024-07-26 17:04:43,379:INFO:Sending post request to the server.:
2024-07-26 17:04:44,196:INFO:6_______TEST (STORE) BEGAN_______6:
2024-07-26 17:04:44,196:INFO:Sending get request to the server.:
2024-07-26 17:04:44,913:INFO:_______TEST COMPLETED_______:
2024-07-26 17:04:44,914:INFO:Creating database connection in process.:
2024-07-26 17:04:44,916:INFO:Database connection created.:
2024-07-26 17:04:44,916:INFO:Creating table in process.:
2024-07-26 17:04:44,916:INFO:Executing database query in process.:
2024-07-26 17:04:44,917:INFO:Database query executed.:
2024-07-26 17:04:44,917:INFO:Table created.:
2024-07-26 17:04:45,529:INFO:9_______TEST (USER) BEGAN_______9:
2024-07-26 17:04:45,529:INFO:Sending post request.:
2024-07-26 17:04:46,345:INFO:Executing database query in process.:
2024-07-26 17:04:46,381:INFO:Executing database query in process.:
2024-07-26 17:04:46,381:INFO:Database query executed.:
2024-07-26 17:04:46,390:INFO:Closing database connection in process.:
2024-07-26 17:04:46,392:INFO:_______TEST COMPLETED________
:
2024-07-26 17:04:46,395:INFO:Creating database connection in process.:
2024-07-26 17:04:46,396:INFO:Database connection created.:
2024-07-26 17:04:46,396:INFO:Creating table in process.:
2024-07-26 17:04:46,396:INFO:Executing database query in process.:
2024-07-26 17:04:46,396:INFO:Database query executed.:
2024-07-26 17:04:46,396:INFO:Table created.:
2024-07-26 17:04:46,859:INFO:10_______TEST (USER) BEGAN_______10:
2024-07-26 17:04:46,860:INFO:Sending get request to the server.:
2024-07-26 17:04:47,680:INFO:_______TEST COMPLETED________
:
2024-07-26 17:04:47,681:INFO:Creating database connection in process.:
2024-07-26 17:04:47,682:INFO:Database connection created.:
2024-07-26 17:04:47,682:INFO:Creating table in process.:
2024-07-26 17:04:47,682:INFO:Executing database query in process.:
2024-07-26 17:04:47,682:INFO:Database query executed.:
2024-07-26 17:04:47,682:INFO:Table created.:
2024-07-26 17:04:48,089:INFO:7_______TEST (USER) BEGAN_______7:
2024-07-26 17:04:48,089:INFO:Sending get request to the server.:
2024-07-26 17:04:48,908:INFO:_______TEST COMPLETED________
:
2024-07-26 17:04:48,910:INFO:Creating database connection in process.:
2024-07-26 17:04:48,910:INFO:Database connection created.:
2024-07-26 17:04:48,911:INFO:Creating table in process.:
2024-07-26 17:04:48,911:INFO:Executing database query in process.:
2024-07-26 17:04:48,912:INFO:Database query executed.:
2024-07-26 17:04:48,912:INFO:Table created.:
2024-07-26 17:04:49,316:INFO:8_______TEST (USER) BEGAN_______8:
2024-07-26 17:04:49,316:INFO:Sending get request to the server.:
2024-07-26 17:04:50,136:INFO:_______TEST COMPLETED________
:
2024-07-26 17:05:24,346:INFO:2_______TEST (PET) BEGAN_______2:
2024-07-26 17:05:24,346:INFO:Sending post request to the server.:
2024-07-26 17:05:25,158:INFO:_______TEST COMPLETED_______:
2024-07-26 17:05:25,159:INFO:3_______TEST (PET) BEGAN_______3:
2024-07-26 17:05:25,159:INFO:Sending get request to the server.:
2024-07-26 17:05:25,977:INFO:_______TEST COMPLETED_______:
2024-07-26 17:05:25,979:INFO:1_______TEST (PET]) BEGAN_______1:
2024-07-26 17:05:25,980:INFO:Sending get request to the server.:
2024-07-26 17:16:58,276:INFO:2_______TEST (PET) BEGAN_______2:
2024-07-26 17:16:58,277:INFO:Sending post request to the server.:
2024-07-26 17:17:00,871:INFO:_______TEST COMPLETED_______:
2024-07-26 17:17:00,872:INFO:3_______TEST (PET) BEGAN_______3:
2024-07-26 17:17:00,872:INFO:Sending get request to the server.:
2024-07-26 17:17:01,688:INFO:_______TEST COMPLETED_______:
2024-07-26 17:17:01,690:INFO:1_______TEST (PET]) BEGAN_______1:
2024-07-26 17:17:01,690:INFO:Sending get request to the server.:
2024-07-26 17:17:02,507:INFO:_______TEST COMPLETED_______:
2024-07-26 17:17:02,508:INFO:Sending post request to the server.:
2024-07-26 17:17:03,327:INFO:4_______TEST (STORE) BEGAN_______4:
2024-07-26 17:17:03,328:INFO:Sending get request to the server.:
2024-07-26 17:17:03,940:INFO:_______TEST COMPLETED_______:
2024-07-26 17:17:03,942:INFO:Sending post request to the server.:
2024-07-26 17:17:04,760:INFO:5_______TEST (STORE) BEGAN_______5:
2024-07-26 17:17:04,761:INFO:_______TEST COMPLETED_______:
2024-07-26 17:17:04,762:INFO:Sending post request to the server.:
2024-07-26 17:17:05,579:INFO:6_______TEST (STORE) BEGAN_______6:
2024-07-26 17:17:05,579:INFO:Sending get request to the server.:
2024-07-26 17:17:06,398:INFO:_______TEST COMPLETED_______:
2024-07-26 17:17:06,400:INFO:Creating database connection in process.:
2024-07-26 17:17:06,400:INFO:Database connection created.:
2024-07-26 17:17:06,401:INFO:Creating table in process.:
2024-07-26 17:17:06,401:INFO:Executing database query in process.:
2024-07-26 17:17:06,401:INFO:Database query executed.:
2024-07-26 17:17:06,402:INFO:Table created.:
2024-07-26 17:17:06,913:INFO:9_______TEST (USER) BEGAN_______9:
2024-07-26 17:17:06,913:INFO:Sending post request.:
2024-07-26 17:17:07,729:INFO:Executing database query in process.:
2024-07-26 17:17:07,764:INFO:Executing database query in process.:
2024-07-26 17:17:07,765:INFO:Database query executed.:
2024-07-26 17:17:07,772:INFO:Closing database connection in process.:
2024-07-26 17:17:07,772:INFO:_______TEST COMPLETED________
:
2024-07-26 17:17:07,774:INFO:Creating database connection in process.:
2024-07-26 17:17:07,775:INFO:Database connection created.:
2024-07-26 17:17:07,775:INFO:Creating table in process.:
2024-07-26 17:17:07,775:INFO:Executing database query in process.:
2024-07-26 17:17:07,775:INFO:Database query executed.:
2024-07-26 17:17:07,775:INFO:Table created.:
2024-07-26 17:17:08,139:INFO:10_______TEST (USER) BEGAN_______10:
2024-07-26 17:17:08,139:INFO:Sending get request to the server.:
2024-07-26 17:17:08,860:INFO:_______TEST COMPLETED________
:
2024-07-26 17:17:08,861:INFO:Creating database connection in process.:
2024-07-26 17:17:08,861:INFO:Database connection created.:
2024-07-26 17:17:08,862:INFO:Creating table in process.:
2024-07-26 17:17:08,862:INFO:Executing database query in process.:
2024-07-26 17:17:08,862:INFO:Database query executed.:
2024-07-26 17:17:08,862:INFO:Table created.:
2024-07-26 17:17:09,266:INFO:7_______TEST (USER) BEGAN_______7:
2024-07-26 17:17:09,266:INFO:Sending get request to the server.:
2024-07-26 17:17:10,084:INFO:_______TEST COMPLETED________
:
2024-07-26 17:17:10,085:INFO:Creating database connection in process.:
2024-07-26 17:17:10,086:INFO:Database connection created.:
2024-07-26 17:17:10,086:INFO:Creating table in process.:
2024-07-26 17:17:10,086:INFO:Executing database query in process.:
2024-07-26 17:17:10,087:INFO:Database query executed.:
2024-07-26 17:17:10,087:INFO:Table created.:
2024-07-26 17:17:10,495:INFO:8_______TEST (USER) BEGAN_______8:
2024-07-26 17:17:10,496:INFO:Sending get request to the server.:
2024-07-26 17:17:11,315:INFO:_______TEST COMPLETED________
:
2024-07-26 17:25:35,692:INFO:2_______TEST (PET) BEGAN_______2:
2024-07-26 17:25:35,692:INFO:Sending post request to the server.:
2024-07-26 17:25:36,429:INFO:_______TEST COMPLETED_______:
2024-07-26 17:25:36,436:INFO:3_______TEST (PET) BEGAN_______3:
2024-07-26 17:25:36,436:INFO:Sending get request to the server.:
2024-07-26 17:25:37,070:INFO:_______TEST COMPLETED_______:
2024-07-26 17:25:37,203:INFO:1_______TEST (PET]) BEGAN_______1:
2024-07-26 17:25:37,203:INFO:Sending get request to the server.:
2024-07-26 17:25:38,076:INFO:_______TEST COMPLETED_______:
2024-07-26 17:25:38,108:INFO:Sending post request to the server.:
2024-07-26 17:25:38,735:INFO:4_______TEST (STORE) BEGAN_______4:
2024-07-26 17:25:38,735:INFO:Sending get request to the server.:
2024-07-26 17:25:39,344:INFO:_______TEST COMPLETED_______:
2024-07-26 17:25:39,351:INFO:Sending post request to the server.:
2024-07-26 17:25:39,960:INFO:5_______TEST (STORE) BEGAN_______5:
2024-07-26 17:25:39,960:INFO:_______TEST COMPLETED_______:
2024-07-26 17:25:39,968:INFO:Sending post request to the server.:
2024-07-26 17:25:40,548:INFO:6_______TEST (STORE) BEGAN_______6:
2024-07-26 17:25:40,548:INFO:Sending get request to the server.:
2024-07-26 17:25:41,164:INFO:_______TEST COMPLETED_______:
2024-07-26 17:25:41,234:INFO:Creating database connection in process.:
2024-07-26 17:25:41,235:INFO:Database connection created.:
2024-07-26 17:25:41,235:INFO:Creating table in process.:
2024-07-26 17:25:41,235:INFO:Executing database query in process.:
2024-07-26 17:25:41,236:INFO:Database query executed.:
2024-07-26 17:25:41,236:INFO:Table created.:
2024-07-26 17:25:41,787:INFO:9_______TEST (USER) BEGAN_______9:
2024-07-26 17:25:41,787:INFO:Sending post request.:
2024-07-26 17:25:42,378:INFO:Executing database query in process.:
2024-07-26 17:25:42,425:INFO:Executing database query in process.:
2024-07-26 17:25:42,426:INFO:Database query executed.:
2024-07-26 17:25:42,430:INFO:Closing database connection in process.:
2024-07-26 17:25:42,432:INFO:_______TEST COMPLETED________
:
2024-07-26 17:25:42,439:INFO:Creating database connection in process.:
2024-07-26 17:25:42,441:INFO:Database connection created.:
2024-07-26 17:25:42,441:INFO:Creating table in process.:
2024-07-26 17:25:42,441:INFO:Executing database query in process.:
2024-07-26 17:25:42,441:INFO:Database query executed.:
2024-07-26 17:25:42,441:INFO:Table created.:
2024-07-26 17:25:42,767:INFO:10_______TEST (USER) BEGAN_______10:
2024-07-26 17:25:42,769:INFO:Sending get request to the server.:
2024-07-26 17:25:43,377:INFO:_______TEST COMPLETED________
:
2024-07-26 17:25:43,392:INFO:Creating database connection in process.:
2024-07-26 17:25:43,392:INFO:Database connection created.:
2024-07-26 17:25:43,392:INFO:Creating table in process.:
2024-07-26 17:25:43,392:INFO:Executing database query in process.:
2024-07-26 17:25:43,392:INFO:Database query executed.:
2024-07-26 17:25:43,393:INFO:Table created.:
2024-07-26 17:25:43,716:INFO:7_______TEST (USER) BEGAN_______7:
2024-07-26 17:25:43,716:INFO:Sending get request to the server.:
2024-07-26 17:25:44,308:INFO:_______TEST COMPLETED________
:
2024-07-26 17:25:44,316:INFO:Creating database connection in process.:
2024-07-26 17:25:44,317:INFO:Database connection created.:
2024-07-26 17:25:44,317:INFO:Creating table in process.:
2024-07-26 17:25:44,317:INFO:Executing database query in process.:
2024-07-26 17:25:44,318:INFO:Database query executed.:
2024-07-26 17:25:44,318:INFO:Table created.:
2024-07-26 17:25:44,723:INFO:8_______TEST (USER) BEGAN_______8:
2024-07-26 17:25:44,723:INFO:Sending get request to the server.:
2024-07-26 17:25:45,358:INFO:_______TEST COMPLETED________
:
2024-07-26 17:26:20,406:INFO:2_______TEST (PET) BEGAN_______2:
2024-07-26 17:26:20,406:INFO:Sending post request to the server.:
2024-07-26 17:26:21,147:INFO:_______TEST COMPLETED_______:
2024-07-26 17:26:21,155:INFO:3_______TEST (PET) BEGAN_______3:
2024-07-26 17:26:21,155:INFO:Sending get request to the server.:
2024-07-26 17:26:21,781:INFO:_______TEST COMPLETED_______:
2024-07-26 17:26:21,865:INFO:1_______TEST (PET]) BEGAN_______1:
2024-07-26 17:26:21,865:INFO:Sending get request to the server.:
2024-07-26 17:26:23,051:INFO:_______TEST COMPLETED_______:
2024-07-26 17:26:23,083:INFO:Sending post request to the server.:
2024-07-26 17:26:23,819:INFO:4_______TEST (STORE) BEGAN_______4:
2024-07-26 17:26:23,819:INFO:Sending get request to the server.:
2024-07-26 17:26:24,523:INFO:_______TEST COMPLETED_______:
2024-07-26 17:26:24,544:INFO:Sending post request to the server.:
2024-07-26 17:26:25,407:INFO:5_______TEST (STORE) BEGAN_______5:
2024-07-26 17:26:25,408:INFO:_______TEST COMPLETED_______:
2024-07-26 17:26:25,415:INFO:Sending post request to the server.:
2024-07-26 17:26:26,223:INFO:6_______TEST (STORE) BEGAN_______6:
2024-07-26 17:26:26,223:INFO:Sending get request to the server.:
2024-07-26 17:26:26,988:INFO:_______TEST COMPLETED_______:
2024-07-26 17:26:26,998:INFO:Creating database connection in process.:
2024-07-26 17:26:26,998:INFO:Database connection created.:
2024-07-26 17:26:27,002:INFO:Creating table in process.:
2024-07-26 17:26:27,002:INFO:Executing database query in process.:
2024-07-26 17:26:27,003:INFO:Database query executed.:
2024-07-26 17:26:27,003:INFO:Table created.:
2024-07-26 17:26:27,442:INFO:9_______TEST (USER) BEGAN_______9:
2024-07-26 17:26:27,442:INFO:Sending post request.:
2024-07-26 17:26:28,271:INFO:Executing database query in process.:
2024-07-26 17:26:28,308:INFO:Executing database query in process.:
2024-07-26 17:26:28,308:INFO:Database query executed.:
2024-07-26 17:26:28,313:INFO:Closing database connection in process.:
2024-07-26 17:26:28,313:INFO:_______TEST COMPLETED________
:
2024-07-26 17:26:28,318:INFO:Creating database connection in process.:
2024-07-26 17:26:28,318:INFO:Database connection created.:
2024-07-26 17:26:28,318:INFO:Creating table in process.:
2024-07-26 17:26:28,318:INFO:Executing database query in process.:
2024-07-26 17:26:28,318:INFO:Database query executed.:
2024-07-26 17:26:28,318:INFO:Table created.:
2024-07-26 17:26:28,777:INFO:10_______TEST (USER) BEGAN_______10:
2024-07-26 17:26:28,777:INFO:Sending get request to the server.:
2024-07-26 17:26:29,603:INFO:_______TEST COMPLETED________
:
2024-07-26 17:26:29,646:INFO:Creating database connection in process.:
2024-07-26 17:26:29,647:INFO:Database connection created.:
2024-07-26 17:26:29,647:INFO:Creating table in process.:
2024-07-26 17:26:29,647:INFO:Executing database query in process.:
2024-07-26 17:26:29,647:INFO:Database query executed.:
2024-07-26 17:26:29,648:INFO:Table created.:
2024-07-26 17:26:30,005:INFO:7_______TEST (USER) BEGAN_______7:
2024-07-26 17:26:30,005:INFO:Sending get request to the server.:
2024-07-26 17:26:30,826:INFO:_______TEST COMPLETED________
:
2024-07-26 17:26:30,868:INFO:Creating database connection in process.:
2024-07-26 17:26:30,868:INFO:Database connection created.:
2024-07-26 17:26:30,868:INFO:Creating table in process.:
2024-07-26 17:26:30,868:INFO:Executing database query in process.:
2024-07-26 17:26:30,868:INFO:Database query executed.:
2024-07-26 17:26:30,868:INFO:Table created.:
2024-07-26 17:26:31,243:INFO:8_______TEST (USER) BEGAN_______8:
2024-07-26 17:26:31,262:INFO:Sending get request to the server.:
2024-07-26 17:26:31,956:INFO:_______TEST COMPLETED________
:
2024-07-26 21:32:56,512:INFO:2_______TEST (PET) BEGAN_______2:
2024-07-26 21:32:56,512:INFO:Sending post request to the server.:
2024-07-26 21:32:58,386:INFO:_______TEST COMPLETED_______:
2024-07-26 21:32:58,401:INFO:3_______TEST (PET) BEGAN_______3:
2024-07-26 21:32:58,401:INFO:Sending get request to the server.:
2024-07-26 21:32:59,080:INFO:_______TEST COMPLETED_______:
2024-07-26 21:32:59,080:INFO:1_______TEST (PET]) BEGAN_______1:
2024-07-26 21:32:59,080:INFO:Sending get request to the server.:
2024-07-26 21:32:59,740:INFO:_______TEST COMPLETED_______:
2024-07-26 21:32:59,767:INFO:Sending post request to the server.:
2024-07-26 21:33:00,439:INFO:4_______TEST (STORE) BEGAN_______4:
2024-07-26 21:33:00,439:INFO:Sending get request to the server.:
2024-07-26 21:33:01,069:INFO:_______TEST COMPLETED_______:
2024-07-26 21:33:01,091:INFO:Sending post request to the server.:
2024-07-26 21:33:01,730:INFO:5_______TEST (STORE) BEGAN_______5:
2024-07-26 21:33:01,730:INFO:_______TEST COMPLETED_______:
2024-07-26 21:33:01,740:INFO:Sending post request to the server.:
2024-07-26 21:33:02,361:INFO:6_______TEST (STORE) BEGAN_______6:
2024-07-26 21:33:02,361:INFO:Sending get request to the server.:
2024-07-26 21:33:02,976:INFO:_______TEST COMPLETED_______:
2024-07-26 21:33:02,993:INFO:Creating database connection in process.:
2024-07-26 21:33:02,995:INFO:Database connection created.:
2024-07-26 21:33:02,995:INFO:Creating table in process.:
2024-07-26 21:33:02,996:INFO:Executing database query in process.:
2024-07-26 21:33:02,998:INFO:Database query executed.:
2024-07-26 21:33:02,998:INFO:Table created.:
2024-07-26 21:33:03,846:INFO:9_______TEST (USER) BEGAN_______9:
2024-07-26 21:33:03,846:INFO:Sending post request.:
2024-07-26 21:33:04,485:INFO:Executing database query in process.:
2024-07-26 21:33:04,494:INFO:Executing database query in process.:
2024-07-26 21:33:04,496:INFO:Database query executed.:
2024-07-26 21:33:04,499:INFO:Closing database connection in process.:
2024-07-26 21:33:04,500:INFO:_______TEST COMPLETED________
:
2024-07-26 21:33:04,505:INFO:Creating database connection in process.:
2024-07-26 21:33:04,506:INFO:Database connection created.:
2024-07-26 21:33:04,506:INFO:Creating table in process.:
2024-07-26 21:33:04,506:INFO:Executing database query in process.:
2024-07-26 21:33:04,506:INFO:Database query executed.:
2024-07-26 21:33:04,506:INFO:Table created.:
2024-07-26 21:33:04,880:INFO:10_______TEST (USER) BEGAN_______10:
2024-07-26 21:33:04,880:INFO:Sending get request to the server.:
2024-07-26 21:33:05,513:INFO:_______TEST COMPLETED________
:
2024-07-26 21:33:05,616:INFO:Creating database connection in process.:
2024-07-26 21:33:05,616:INFO:Database connection created.:
2024-07-26 21:33:05,617:INFO:Creating table in process.:
2024-07-26 21:33:05,617:INFO:Executing database query in process.:
2024-07-26 21:33:05,617:INFO:Database query executed.:
2024-07-26 21:33:05,617:INFO:Table created.:
2024-07-26 21:33:05,958:INFO:7_______TEST (USER) BEGAN_______7:
2024-07-26 21:33:05,958:INFO:Sending get request to the server.:
2024-07-26 21:33:06,610:INFO:_______TEST COMPLETED________
:
2024-07-26 21:33:06,623:INFO:Creating database connection in process.:
2024-07-26 21:33:06,623:INFO:Database connection created.:
2024-07-26 21:33:06,623:INFO:Creating table in process.:
2024-07-26 21:33:06,623:INFO:Executing database query in process.:
2024-07-26 21:33:06,623:INFO:Database query executed.:
2024-07-26 21:33:06,623:INFO:Table created.:
2024-07-26 21:33:07,124:INFO:8_______TEST (USER) BEGAN_______8:
2024-07-26 21:33:07,124:INFO:Sending get request to the server.:
2024-07-26 21:33:07,738:INFO:_______TEST COMPLETED________
:
2024-07-26 21:36:44,141:INFO:2_______TEST (PET) BEGAN_______2:
2024-07-26 21:36:44,141:INFO:Sending post request to the server.:
2024-07-26 21:36:46,434:INFO:_______TEST COMPLETED_______:
2024-07-26 21:36:46,445:INFO:3_______TEST (PET) BEGAN_______3:
2024-07-26 21:36:46,446:INFO:Sending get request to the server.:
2024-07-26 21:36:47,081:INFO:_______TEST COMPLETED_______:
2024-07-26 21:36:47,094:INFO:1_______TEST (PET]) BEGAN_______1:
2024-07-26 21:36:47,094:INFO:Sending get request to the server.:
2024-07-26 21:36:47,722:INFO:_______TEST COMPLETED_______:
2024-07-26 21:36:47,743:INFO:Sending post request to the server.:
2024-07-26 21:36:48,395:INFO:4_______TEST (STORE) BEGAN_______4:
2024-07-26 21:36:48,395:INFO:Sending get request to the server.:
2024-07-26 21:36:49,039:INFO:_______TEST COMPLETED_______:
2024-07-26 21:36:49,056:INFO:Sending post request to the server.:
2024-07-26 21:36:49,745:INFO:5_______TEST (STORE) BEGAN_______5:
2024-07-26 21:36:49,745:INFO:_______TEST COMPLETED_______:
2024-07-26 21:36:49,757:INFO:Sending post request to the server.:
2024-07-26 21:36:50,357:INFO:6_______TEST (STORE) BEGAN_______6:
2024-07-26 21:36:50,357:INFO:Sending get request to the server.:
2024-07-26 21:36:51,032:INFO:_______TEST COMPLETED_______:
2024-07-26 21:36:51,055:INFO:Creating database connection in process.:
2024-07-26 21:36:51,056:INFO:Database connection created.:
2024-07-26 21:36:51,056:INFO:Creating table in process.:
2024-07-26 21:36:51,056:INFO:Executing database query in process.:
2024-07-26 21:36:51,057:INFO:Database query executed.:
2024-07-26 21:36:51,057:INFO:Table created.:
2024-07-26 21:36:51,644:INFO:9_______TEST (USER) BEGAN_______9:
2024-07-26 21:36:51,644:INFO:Sending post request.:
2024-07-26 21:36:52,320:INFO:Executing database query in process.:
2024-07-26 21:36:52,334:INFO:Executing database query in process.:
2024-07-26 21:36:52,334:INFO:Database query executed.:
2024-07-26 21:36:52,339:INFO:Closing database connection in process.:
2024-07-26 21:36:52,339:INFO:_______TEST COMPLETED________
:
2024-07-26 21:36:52,346:INFO:Creating database connection in process.:
2024-07-26 21:36:52,347:INFO:Database connection created.:
2024-07-26 21:36:52,348:INFO:Creating table in process.:
2024-07-26 21:36:52,348:INFO:Executing database query in process.:
2024-07-26 21:36:52,348:INFO:Database query executed.:
2024-07-26 21:36:52,348:INFO:Table created.:
2024-07-26 21:36:52,665:INFO:10_______TEST (USER) BEGAN_______10:
2024-07-26 21:36:52,665:INFO:Sending get request to the server.:
2024-07-26 21:36:53,309:INFO:_______TEST COMPLETED________
:
2024-07-26 21:36:53,428:INFO:Creating database connection in process.:
2024-07-26 21:36:53,428:INFO:Database connection created.:
2024-07-26 21:36:53,429:INFO:Creating table in process.:
2024-07-26 21:36:53,429:INFO:Executing database query in process.:
2024-07-26 21:36:53,429:INFO:Database query executed.:
2024-07-26 21:36:53,429:INFO:Table created.:
2024-07-26 21:36:53,780:INFO:7_______TEST (USER) BEGAN_______7:
2024-07-26 21:36:53,780:INFO:Sending get request to the server.:
2024-07-26 21:36:54,472:INFO:_______TEST COMPLETED________
:
2024-07-26 21:36:54,479:INFO:Creating database connection in process.:
2024-07-26 21:36:54,479:INFO:Database connection created.:
2024-07-26 21:36:54,479:INFO:Creating table in process.:
2024-07-26 21:36:54,479:INFO:Executing database query in process.:
2024-07-26 21:36:54,480:INFO:Database query executed.:
2024-07-26 21:36:54,480:INFO:Table created.:
2024-07-26 21:36:54,881:INFO:8_______TEST (USER) BEGAN_______8:
2024-07-26 21:36:54,881:INFO:Sending get request to the server.:
2024-07-26 21:36:55,573:INFO:_______TEST COMPLETED________
:
